PhantomJS is launching GhostDriver...
[INFO  - 2016-05-31T15:05:48.171Z] GhostDriver - Main - running on port 33814
[INFO  - 2016-05-31T15:05:48.812Z] Session [288c2710-2741-11e6-8931-61dd76c969a4] - page.settings - {"XSSAuditingEnabled":false,"javascriptCanCloseWindows":true,"javascriptCanOpenWindows":true,"javascriptEnabled":true,"loadImages":true,"localToRemoteUrlAccessEnabled":false,"userAgent":"Mozilla/5.0 (Unknown; Linux x86_64) AppleWebKit/534.34 (KHTML, like Gecko) PhantomJS/1.9.8 Safari/534.34","webSecurityEnabled":true}
[INFO  - 2016-05-31T15:05:48.813Z] Session [288c2710-2741-11e6-8931-61dd76c969a4] - page.customHeaders:  - {}
[INFO  - 2016-05-31T15:05:48.813Z] Session [288c2710-2741-11e6-8931-61dd76c969a4] - Session.negotiatedCapabilities - {"browserName":"phantomjs","version":"1.9.8","driverName":"ghostdriver","driverVersion":"1.1.0","platform":"linux-unknown-64bit","javascriptEnabled":true,"takesScreenshot":true,"handlesAlerts":false,"databaseEnabled":false,"locationContextEnabled":false,"applicationCacheEnabled":false,"browserConnectionEnabled":false,"cssSelectorsEnabled":true,"webStorageEnabled":false,"rotatable":false,"acceptSslCerts":false,"nativeEvents":true,"proxy":{"proxyType":"direct"}}
[INFO  - 2016-05-31T15:05:48.814Z] SessionManagerReqHand - _postNewSessionCommand - New Session Created: 288c2710-2741-11e6-8931-61dd76c969a4
[ERROR - 2016-05-31T15:05:52.688Z] Session [288c2710-2741-11e6-8931-61dd76c969a4] - page.onError - msg: [object Object]
[ERROR - 2016-05-31T15:05:52.689Z] Session [288c2710-2741-11e6-8931-61dd76c969a4] - page.onError - stack:
  (anonymous function) (http://www.googletagmanager.com/gtm.js?id=GTM-P3S4LK:66)
  (anonymous function) (http://www.googletagmanager.com/gtm.js?id=GTM-P3S4LK:73)
[ERROR - 2016-05-31T15:05:52.689Z] Session [288c2710-2741-11e6-8931-61dd76c969a4] - page.onError - msg: [object Object]
[ERROR - 2016-05-31T15:05:52.689Z] Session [288c2710-2741-11e6-8931-61dd76c969a4] - page.onError - stack:
  (anonymous function) (http://www.googletagmanager.com/gtm.js?id=GTM-P3S4LK:66)
  (anonymous function) (http://www.googletagmanager.com/gtm.js?id=GTM-P3S4LK:74)
[ERROR - 2016-05-31T15:05:57.403Z] Session [288c2710-2741-11e6-8931-61dd76c969a4] - page.onError - msg: TypeError: 'undefined' is not an object (evaluating 'version[1].split')
[ERROR - 2016-05-31T15:05:57.403Z] Session [288c2710-2741-11e6-8931-61dd76c969a4] - page.onError - stack:
  classSafari (http://www.dia.es/compra-online/_ui/desktop/theme-dia/js/main.js:365)
  (anonymous function) (http://www.dia.es/compra-online/_ui/desktop/theme-dia/js/main.js:27)
  (anonymous function) (http://www.dia.es/compra-online/_ui/desktop/common/js/jquery-1.7.2.min.js:2)
  (anonymous function) (http://www.dia.es/compra-online/_ui/desktop/common/js/jquery-1.7.2.min.js:2)
  (anonymous function) (http://www.dia.es/compra-online/_ui/desktop/common/js/jquery-1.7.2.min.js:2)
  (anonymous function) (http://www.dia.es/compra-online/_ui/desktop/common/js/jquery-1.7.2.min.js:2)
[ERROR - 2016-05-31T15:05:57.404Z] Session [288c2710-2741-11e6-8931-61dd76c969a4] - page.onError - msg: [object Object]
[ERROR - 2016-05-31T15:05:57.404Z] Session [288c2710-2741-11e6-8931-61dd76c969a4] - page.onError - stack:
  (anonymous function) (http://www.googletagmanager.com/gtm.js?id=GTM-P3S4LK:66)
  (anonymous function) (http://www.googletagmanager.com/gtm.js?id=GTM-P3S4LK:74)
[ERROR - 2016-05-31T15:05:57.656Z] Session [288c2710-2741-11e6-8931-61dd76c969a4] - page.onError - msg: [object Object]
[ERROR - 2016-05-31T15:05:57.657Z] Session [288c2710-2741-11e6-8931-61dd76c969a4] - page.onError - stack:
  (anonymous function) (http://www.googletagmanager.com/gtm.js?id=GTM-P3S4LK:66)
  (anonymous function) (http://www.googletagmanager.com/gtm.js?id=GTM-P3S4LK:73)
[ERROR - 2016-05-31T15:05:57.657Z] Session [288c2710-2741-11e6-8931-61dd76c969a4] - page.onError - msg: [object Object]
[ERROR - 2016-05-31T15:05:57.658Z] Session [288c2710-2741-11e6-8931-61dd76c969a4] - page.onError - stack:
  (anonymous function) (http://www.googletagmanager.com/gtm.js?id=GTM-P3S4LK:66)
  (anonymous function) (http://www.googletagmanager.com/gtm.js?id=GTM-P3S4LK:74)
[ERROR - 2016-05-31T15:05:59.810Z] Session [288c2710-2741-11e6-8931-61dd76c969a4] - page.onError - msg: TypeError: 'undefined' is not an object (evaluating 'version[1].split')
[ERROR - 2016-05-31T15:05:59.810Z] Session [288c2710-2741-11e6-8931-61dd76c969a4] - page.onError - stack:
  classSafari (http://www.dia.es/compra-online/_ui/desktop/theme-dia/js/main.js:365)
  (anonymous function) (http://www.dia.es/compra-online/_ui/desktop/theme-dia/js/main.js:27)
  (anonymous function) (http://www.dia.es/compra-online/_ui/desktop/common/js/jquery-1.7.2.min.js:2)
  (anonymous function) (http://www.dia.es/compra-online/_ui/desktop/common/js/jquery-1.7.2.min.js:2)
  (anonymous function) (http://www.dia.es/compra-online/_ui/desktop/common/js/jquery-1.7.2.min.js:2)
  (anonymous function) (http://www.dia.es/compra-online/_ui/desktop/common/js/jquery-1.7.2.min.js:2)
[ERROR - 2016-05-31T15:05:59.811Z] Session [288c2710-2741-11e6-8931-61dd76c969a4] - page.onError - msg: [object Object]
[ERROR - 2016-05-31T15:05:59.811Z] Session [288c2710-2741-11e6-8931-61dd76c969a4] - page.onError - stack:
  (anonymous function) (http://www.googletagmanager.com/gtm.js?id=GTM-P3S4LK:66)
  (anonymous function) (http://www.googletagmanager.com/gtm.js?id=GTM-P3S4LK:74)
[ERROR - 2016-05-31T15:05:59.957Z] Session [288c2710-2741-11e6-8931-61dd76c969a4] - page.onError - msg: [object Object]
[ERROR - 2016-05-31T15:05:59.957Z] Session [288c2710-2741-11e6-8931-61dd76c969a4] - page.onError - stack:
  (anonymous function) (http://www.googletagmanager.com/gtm.js?id=GTM-P3S4LK:66)
  (anonymous function) (http://www.googletagmanager.com/gtm.js?id=GTM-P3S4LK:73)
[ERROR - 2016-05-31T15:05:59.957Z] Session [288c2710-2741-11e6-8931-61dd76c969a4] - page.onError - msg: [object Object]
[ERROR - 2016-05-31T15:05:59.957Z] Session [288c2710-2741-11e6-8931-61dd76c969a4] - page.onError - stack:
  (anonymous function) (http://www.googletagmanager.com/gtm.js?id=GTM-P3S4LK:66)
  (anonymous function) (http://www.googletagmanager.com/gtm.js?id=GTM-P3S4LK:74)
[ERROR - 2016-05-31T15:06:01.956Z] Session [288c2710-2741-11e6-8931-61dd76c969a4] - page.onError - msg: TypeError: 'undefined' is not an object (evaluating 'version[1].split')
[ERROR - 2016-05-31T15:06:01.957Z] Session [288c2710-2741-11e6-8931-61dd76c969a4] - page.onError - s[INFO  - 2016-05-31T15:09:39.259Z] SessionManagerReqHand - _cleanupWindowlessSessions - Asynchronous Sessions clean-up phase starting NOW
[INFO  - 2016-05-31T15:12:06.086Z] SessionManagerReqHand - _cleanupWindowlessSessions - Asynchronous Sessions clean-up phase starting NOW
in.js:2)
  (anonymous function) (http://www.dia.es/compra-online/_ui/desktop/common/js/jquery-1.7.2.min.js:2)
  (anonymous function) (http://www.dia.es/compra-online/_ui/desktop/common/js/jquery-1.7.2.min.js:2)
  (anonymous function) (http://www.dia.es/compra-online/_ui/deskt[INFO  - 2016-05-31T15:07:18.414Z] SessionManagerReqHand - _cleanupWindowlessSessions - Asynchronous Sessions clean-up phase starting NOW
[INFO  - 2016-05-31T15:12:18.498Z] SessionManagerReqHand - _cleanupWindowlessSessions - Asynchronous Sessions clean-up phase starting NOW
[INFO  - 2016-05-31T15:11:04.935Z] SessionManagerReqHand - _cleanupWindowlessSessions - Asynchronous Sessions clean-up phase starting NOW
[INFO  - 2016-05-31T15:12:22.278Z] SessionManagerReqHand - _cleanupWindowlessSessions - Asynchronous Sessions clean-up phase starting NOW
[INFO  - 2016-05-31T15:13:26.225Z] SessionManagerReqHand - _cleanupWindowlessSessions - Asynchronous Sessions clean-up phase starting NOW
[INFO  - 2016-05-31T15:13:26.971Z] SessionManagerReqHand - _cleanupWindowlessSessions - Asynchronous Sessions clean-up phase starting NOW
[INFO  - 2016-05-31T15:11:53.591Z] SessionManagerReqHand - _cleanupWindowlessSessions - Asynchronous Sessions clean-up phase starting NOW
 Session [288c2710-2741-11e6-8931-61dd76c969a4] - page.onError - stack:
  (anonymous function) (http://www.googletagmanager.com/gtm.js?id=GTM-P3S4LK:66)
  (anonymous function) (http://www.googletagmanager.com/gtm.js?id=GTM-P3S4LK:74)
[ERROR - 2016-05-31T15:06:04.612Z] Session [288c2710[INFO  - 2016-05-31T15:06:19.695Z] SessionManagerReqHand - _cleanupWindowlessSessions - Asynchronous Sessions clean-up phase starting NOW
[INFO  - 2016-05-31T15:11:19.783Z] SessionManagerReqHand - _cleanupWindowlessSessions - Asynchronous Sessions clean-up phase starting NOW
[INFO  - 2016-05-31T15:13:21.654Z] SessionManagerReqHand - _cleanupWindowlessSessions - Asynchronous Sessions clean-up phase starting NOW
[INFO  - 2016-05-31T15:11:53.988Z] SessionManagerReqHand - _cleanupWindowlessSessions - Asynchronous Sessions clean-up phase starting NOW
[INFO  - 2016-05-31T15:11:21.180Z] SessionManagerReqHand - _cleanupWindowlessSessions - Asynchronous Sessions clean-up phase starting NOW
[INFO  - 2016-05-31T15:06:29.008Z] SessionManagerReqHand - _cleanupWindowlessSessions - Asynchronous Sessions clean-up phase starting NOW
[INFO  - 2016-05-31T15:11:29.107Z] SessionManagerReqHand - _cleanupWindowlessSessions - Asynchronous Sessions clean-up phase starting NOW
 Session [288c2710-2741-11e6-8931-61dd76c969a4] - page.onError - stack:
  (anonymous function) (http://www.googletagmanager.com/gtm.js?id=GTM-P3S4LK:66)
  (anonymous function) (http://www.googletagmanager.com/gtm.js?id=GTM-P3S4LK:74)
[ERROR - 2016-05-31T15:06:04.857Z] Session [288c2710-2741-11e6-8931-61dd76c969a4] - page.onError - msg: [object Object]
[ERROR - 2016-05-31T15:06:04.857Z] Session [288c2710-2741-11e6-8931-61dd76c969a4] - page.onError - stack:
  (anonymous function) (http://www.googletagmanager.com/gtm.js?id=GTM-P3S4LK:66)
  (anonymous function) (http://www.googletagmanager.com/gtm.js?id=GTM-P3S4LK:73)
[ERROR - 2016-05-31T15:06:04.857Z] Session [288c2710-2741-11e6-8931-61dd76c969a4] - page.onError - msg: [object Object]
[ERROR - 2016-05-31T15:06:04.858Z] Session [288c2710-2741-11e6-8931-61dd76c969a4] - page.onError - stack:
  (anonymous function) (http://www.googletagmanager.com/gtm.js?id=GTM-P3S4LK:66)
  (anonymous function) (http://www.googletagmanager.com/gtm.js?id=GTM-P3S4LK:74)
[ERROR - 2016-05-31T15:06:06.912Z] Session [288c2710-2741-11e6-8931-61dd76c969a4] - page.onError - msg: TypeError: 'undefined' is not an object (evaluating 'version[1].split')
[ERROR - 2016-05-31T15:06:06.913Z] Session [288c2710-2741-11e6-8931-61dd76c969a4] - page.onError - stack:
  classSafari (http://www.dia.es/compra-online/_ui/desktop/theme-dia/js/main.js:365)
  (anonymous function) (http://www.dia.es/compra-online/_ui/desktop/theme-dia/js/main.js:27)
  (anonymous function) (http://www.dia.es/compra-online/_ui/desktop/common/js/jquery-1.7.2.min.js:2)
  (anonymous function) (http://www.dia.es/compra-online/_ui/desktop/common/js/jquery-1.7.2.min.js:2)
  (anonymous function) (http://www.dia.es/compra-online/_ui/desktop/common/js/jquery-1.7.2.min.js:2)
  (anonymous function) (http://www.dia.es/compra-online/_ui/desktop/common/js/jquery-1.7.2.min.js:2)
[ERROR - 2016-05-31T15:06:06.913Z] Session [288c2710-2741-11e6-8931-61dd76c969a4] - page.onError - msg: [object Object]
[ERROR - 2016-05-31T15:06:06.913Z] Session [288c2710-2741-11e6-8931-61dd76c969a4] - page.onError - stack:
  (anonymous function) (http://www.googletagmanager.com/gtm.js?id=GTM-P3S4LK:66)
  (anonymous function) (http://www.googletagmanager.com/gtm.js?id=GTM-P3S4LK:74)
[ERROR - 2016-05-31T15:06:07.239Z] Session [288c2710-2741-11e6-8931-61dd76c969a4] - page.onError - msg: [object Object]
[ERROR - 2016-05-31T15:06:07.240Z] Session [288c2710-2741-11e6-8931-61dd76c969a4] - page.onError - stack:
  (anonymous function) (http://www.googletagmanager.com/gtm.js?id=GTM-P3S4LK:66)
  (anonymous function) (http://www.googletagmanager.com/gtm.js?id=GTM-P3S4LK:73)
[ERROR - 2016-05-31T15:06:07.240Z] Session [288c2710-2741-11e6-8931-61dd76c969a4] - page.onError - msg: [object Object]
[ERROR - 2016-05-31T15:06:07.240Z] Session [288c2710-2741-11e6-8931-61dd76c969a4] - page.onError - stack:
  (anonymous function) (http://www.googletagmanager.com/gtm.js?id=GTM-P3S4LK:66)
  (anonymous function) (http://www.googletagmanager.com/gtm.js?id=GTM-P3S4LK:74)
[ERROR - 2016-05-31T15:06:08.873Z] Session [288c2710-2741-11e6-8931-61dd76c969a4] - page.onError - msg: TypeError: 'undefined' is not an object (evaluating 'version[1].split')
[ERROR - 2016-05-31T15:06:08.873Z] Session [288c2710-2741-11e6-8931-61dd76c969a4] - page.onError - stack:
  classSafari (http://www.dia.es/compra-online/_ui/desktop/theme-dia/js/main.js:365)
  (anonymous function) (http://www.dia.es/compra-online/_ui/desktop/theme-dia/js/main.js:27)
  (anonymous function) (http://www.dia.es/compra-online/_ui/desktop/common/js/jquery-1.7.2.min.js:2)
  (anonymous function) (http://www.dia.es/compra-online/_ui/desktop/common/js/jquery-1.7.2.min.js:2)
  (anonymous function) (http://www.dia.es/compra-online/_ui/desktop/common/js/jquery-1.7.2.min.js:2)
  (anonymous function) (http://www.dia.es/compra-online/_ui/desktop/common/js/jquery-1.7.2.min.js:2)
[ERROR - 2016-05-31T15:06:08.874Z] Session [288c2710-2741-11e6-8931-61dd76c969a4] - page.onError - msg: [object Object]
[ERROR - 2016-05-31T15:06:08.874Z] Session [288c2710-2741-11e6-8931-61dd76c969a4] - page.onError - stack:
  (anonymous function) (http://www.googletagmanager.com/gtm.js?id=GTM-P3S4LK:66)
  (anonymous function) (http://www.googletagmanager.com/gtm.js?id=GTM-P3S4LK:74)
[ERROR - 2016-05-31T15:06:09.037Z] Session [288c2710-2741-11e6-8931-61dd76c969a4] - page.onError - msg: [object Object]
[ERROR - 2016-05-31T15:06:09.037Z] Session [288c2710-2741-11e6-8931-61dd76c969a4] - page.onError - stack:
  (anonymous function) (http://www.googletagmanager.com/gtm.js?id=GTM-P3S4LK:66)
  (anonymous function) (http://www.googletagmanager.com/gtm.js?id=GTM-P3S4LK:73)
[ERROR - 2016-05-31T15:06:09.037Z] Session [288c2710-2741-11e6-8931-61dd76c969a4] - page.onError - msg: [object Object]
[ERROR - 2016-05-31T15:06:09.037Z] Session [288c2710-2741-11e6-8931-61dd76c969a4] - page.onError - stack:
  (anonymous function) (http://www.googletagmanager.com/gtm.js?id=GTM-P3S4LK:66)
  (anonymous function) (http://www.googletagmanager.com/gtm.js?id=GTM-P3S4LK:74)
[ERROR - 2016-05-31T15:06:12.932Z] Session [288c2710-2741-11e6-8931-61dd76c969a4] - page.onError - msg: TypeError: 'undefined' is not an object (evaluating 'version[1].split')
[ERROR - 2016-05-31T15:06:12.933Z] Session [288c2710-2741-11e6-8931-61dd76c969a4] - page.onError - stack:
  classSafari (http://www.dia.es/compra-online/_ui/desktop/theme-dia/js/main.js:365)
  (anonymous function) (http://www.dia.es/compra-online/_ui/desktop/theme-dia/js/main.js:27)
  (anonymous function) (http://www.dia.es/compra-online/_ui/desktop/common/js/jquery-1.7.2.min.js:2)
  (anonymous function) (http://www.dia.es/compra-online/_ui/desktop/common/js/jquery-1.7.2.min.js:2)
  (anonymous function) (http://www.dia.es/compra-online/_ui/desktop/common/js/jquery-1.7.2.min.js:2)
  (anonymous function) (http://www.dia.es/compra-online/_ui/desktop/common/js/jquery-1.7.2.min.js:2)
[ERROR - 2016-05-31T15:06:12.933Z] Session [288c2710-2741-11e6-8931-61dd76c969a4] - page.onError - msg: [object Object]
[ERROR - 2016-05-31T15:06:12.934Z] Session [288c2710-2741-11e6-8931-61dd76c969a4] - page.onError - stack:
  (anonymous function) (http://www.googletagmanager.com/gtm.js?id=GTM-P3S4LK:66)
  (anonymous function) (http://www.googletagmanager.com/gtm.js?id=GTM-P3S4LK:74)
[ERROR - 2016-05-31T15:06:13.181Z] Session [288c2710-2741-11e6-8931-61dd76c969a4] - page.onError - msg: [object Object]
[ERROR - 2016-05-31T15:06:13.181Z] Session [288c2710-2741-11e6-8931-61dd76c969a4] - page.onError - stack:
  (anonymous function) (http://www.googletagmanager.com/gtm.js?id=GTM-P3S4LK:66)
  (anonymous function) (http://www.googletagmanager.com/gtm.js?id=GTM-P3S4LK:73)
[ERROR - 2016-05-31T15:06:13.181Z] Session [288c2710-2741-11e6-8931-61dd76c969a4] - page.onError - msg: [object Object]
[ERROR - 2016-05-31T15:06:13.181Z] Session [288c2710-2741-11e6-8931-61dd76c969a4] - page.onError - stack:
  (anonymous function) (http://www.googletagmanager.com/gtm.js?id=GTM-P3S4LK:66)
  (anonymous function) (http://www.googletagmanager.com/gtm.js?id=GTM-P3S4LK:74)
[ERROR - 2016-05-31T15:06:14.546Z] Session [288c2710-2741-11e6-8931-61dd76c969a4] - page.onError - msg: TypeError: 'undefined' is not an object (evaluating 'version[1].split')
[ERROR - 2016-05-31T15:06:14.547Z] Session [288c2710-2741-11e6-8931-61dd76c969a4] - page.onError - stack:
  classSafari (http://www.dia.es/compra-online/_ui/desktop/theme-dia/js/main.js:365)
  (anonymous function) (http://www.dia.es/compra-online/_ui/desktop/theme-dia/js/main.js:27)
  (anonymous function) (http://www.dia.es/compra-online/_ui/desktop/common/js/jquery-1.7.2.min.js:2)
  (anonymous function) (http://www.dia.es/compra-online/_ui/desktop/common/js/jquery-1.7.2.min.js:2)
  (anonymous function) (http://www.dia.es/compra-online/_ui/desktop/common/js/jquery-1.7.2.min.js:2)
  (anonymous function) (http://www.dia.es/compra-online/_ui/desktop/common/js/jquery-1.7.2.min.js:2)
[ERROR - 2016-05-31T15:06:14.548Z] Session [288c2710-2741-11e6-8931-61dd76c969a4] - page.onError - msg: [object Object]
[ERROR - 2016-05-31T15:06:14.549Z] Session [288c2710-2741-11e6-8931-61dd76c969a4] - page.onError - stack:
  (anonymous function) (http://www.googletagmanager.com/gtm.js?id=GTM-P3S4LK:66)
  (anonymous function) (http://www.googletagmanager.com/gtm.js?id=GTM-P3S4LK:74)
[ERROR - 2016-05-31T15:06:14.860Z] Session [288c2710-2741-11e6-8931-61dd76c969a4] - page.onError - msg: [object Object]
[ERROR - 2016-05-31T15:06:14.861Z] Session [288c2710-2741-11e6-8931-61dd76c969a4] - page.onError - stack:
  (anonymous function) (http://www.googletagmanager.com/gtm.js?id=GTM-P3S4LK:66)
  (anonymous function) (http://www.googletagmanager.com/gtm.js?id=GTM-P3S4LK:73)
[ERROR - 2016-05-31T15:06:14.862Z] Session [288c2710-2741-11e6-8931-61dd76c969a4] - page.onError - msg: [object Object]
[ERROR - 2016-05-31T15:06:14.862Z] Session [288c2710-2741-11e6-8931-61dd76c969a4] - page.onError - stack:
  (anonymous function) (http://www.googletagmanager.com/gtm.js?id=GTM-P3S4LK:66)
  (anonymous function) (http://www.googletagmanager.com/gtm.js?id=GTM-P3S4LK:74)
[ERROR - 2016-05-31T15:06:17.206Z] Session [288c2710-2741-11e6-8931-61dd76c969a4] - page.onError - msg: TypeError: 'undefined' is not an object (evaluating 'version[1].split')
[ERROR - 2016-05-31T15:06:17.206Z] Session [288c2710-2741-11e6-8931-61dd76c969a4] - page.onError - stack:
  classSafari (http://www.dia.es/compra-online/_ui/desktop/theme-dia/js/main.js:365)
  (anonymous function) (http://www.dia.es/compra-online/_ui/desktop/theme-dia/js/main.js:27)
  (anonymous function) (http://www.dia.es/compra-online/_ui/desktop/common/js/jquery-1.7.2.min.js:2)
  (anonymous function) (http://www.dia.es/compra-online/_ui/desktop/common/js/jquery-1.7.2.min.js:2)
  (anonymous function) (http://www.dia.es/compra-online/_ui/desktop/common/js/jquery-1.7.2.min.js:2)
  (anonymous function) (http://www.dia.es/compra-online/_ui/desktop/common/js/jquery-1.7.2.min.js:2)
[ERROR - 2016-05-31T15:06:17.207Z] Session [288c2710-2741-11e6-8931-61dd76c969a4] - page.onError - msg: [object Object]
[ERROR - 2016-05-31T15:06:17.207Z] Session [288c2710-2741-11e6-8931-61dd76c969a4] - page.onError - stack:
  (anonymous function) (http://www.googletagmanager.com/gtm.js?id=GTM-P3S4LK:66)
  (anonymous function) (http://www.googletagmanager.com/gtm.js?id=GTM-P3S4LK:74)
[ERROR - 2016-05-31T15:06:17.368Z] Session [288c2710-2741-11e6-8931-61dd76c969a4] - page.onError - msg: [object Object]
[ERROR - 2016-05-31T15:06:17.371Z] Session [288c2710-2741-11e6-8931-61dd76c969a4] - page.onError - stack:
  (anonymous function) (http://www.googletagmanager.com/gtm.js?id=GTM-P3S4LK:66)
  (anonymous function) (http://www.googletagmanager.com/gtm.js?id=GTM-P3S4LK:73)
[ERROR - 2016-05-31T15:06:17.371Z] Session [288c2710-2741-11e6-8931-61dd76c969a4] - page.onError - msg: [object Object]
[ERROR - 2016-05-31T15:06:17.371Z] Session [288c2710-2741-11e6-8931-61dd76c969a4] - page.onError - stack:
  (anonymous function) (http://www.googletagmanager.com/gtm.js?id=GTM-P3S4LK:66)
  (anonymous function) (http://www.googletagmanager.com/gtm.js?id=GTM-P3S4LK:74)
[ERROR - 2016-05-31T15:06:21.636Z] Session [288c2710-2741-11e6-8931-61dd76c969a4] - page.onError - msg: TypeError: 'undefined' is not an object (evaluating 'version[1].split')
[ERROR - 2016-05-31T15:06:21.636Z] Session [288c2710-2741-11e6-8931-61dd76c969a4] - page.onError - stack:
  classSafari (http://www.dia.es/compra-online/_ui/desktop/theme-dia/js/main.js:365)
  (anonymous function) (http://www.dia.es/compra-online/_ui/desktop/theme-dia/js/main.js:27)
  (anonymous function) (http://www.dia.es/compra-online/_ui/desktop/common/js/jquery-1.7.2.min.js:2)
  (anonymous function) (http://www.dia.es/compra-online/_ui/desktop/common/js/jquery-1.7.2.min.js:2)
  (anonymous function) (http://www.dia.es/compra-online/_ui/desktop/common/js/jquery-1.7.2.min.js:2)
  (anonymous function) (http://www.dia.es/compra-online/_ui/desktop/common/js/jquery-1.7.2.min.js:2)
[ERROR - 2016-05-31T15:06:21.639Z] Session [288c2710-2741-11e6-8931-61dd76c969a4] - page.onError - msg: [object Object]
[ERROR - 2016-05-31T15:06:21.639Z] Session [288c2710-2741-11e6-8931-61dd76c969a4] - page.onError - stack:
  (anonymous function) (http://www.googletagmanager.com/gtm.js?id=GTM-P3S4LK:66)
  (anonymous function) (http://www.googletagmanager.com/gtm.js?id=GTM-P3S4LK:74)
[ERROR - 2016-05-31T15:06:21.899Z] Session [288c2710-2741-11e6-8931-61dd76c969a4] - page.onError - msg: [object Object]
[ERROR - 2016-05-31T15:06:21.907Z] Session [288c2710-2741-11e6-8931-61dd76c969a4] - page.onError - stack:
  (anonymous function) (http://www.googletagmanager.com/gtm.js?id=GTM-P3S4LK:66)
  (anonymous function) (http://www.googletagmanager.com/gtm.js?id=GTM-P3S4LK:73)
[ERROR - 2016-05-31T15:06:21.907Z] Session [288c2710-2741-11e6-8931-61dd76c969a4] - page.onError - msg: [object Object]
[ERROR - 2016-05-31T15:06:21.907Z] Session [288c2710-2741-11e6-8931-61dd76c969a4] - page.onError - stack:
  (anonymous function) (http://www.googletagmanager.com/gtm.js?id=GTM-P3S4LK:66)
  (anonymous function) (http://www.googletagmanager.com/gtm.js?id=GTM-P3S4LK:74)
[ERROR - 2016-05-31T15:06:23.834Z] Session [288c2710-2741-11e6-8931-61dd76c969a4] - page.onError - msg: TypeError: 'undefined' is not an object (evaluating 'version[1].split')
[ERROR - 2016-05-31T15:06:23.835Z] Session [288c2710-2741-11e6-8931-61dd76c969a4] - page.onError - stack:
  classSafari (http://www.dia.es/compra-online/_ui/desktop/theme-dia/js/main.js:365)
  (anonymous function) (http://www.dia.es/compra-online/_ui/desktop/theme-dia/js/main.js:27)
  (anonymous function) (http://www.dia.es/compra-online/_ui/desktop/common/js/jquery-1.7.2.min.js:2)
  (anonymous function) (http://www.dia.es/compra-online/_ui/desktop/common/js/jquery-1.7.2.min.js:2)
  (anonymous function) (http://www.dia.es/compra-online/_ui/desktop/common/js/jquery-1.7.2.min.js:2)
  (anonymous function) (http://www.dia.es/compra-online/_ui/desktop/common/js/jquery-1.7.2.min.js:2)
[ERROR - 2016-05-31T15:06:23.836Z] Session [288c2710-2741-11e6-8931-61dd76c969a4] - page.onError - msg: [object Object]
[ERROR - 2016-05-31T15:06:23.836Z] Session [288c2710-2741-11e6-8931-61dd76c969a4] - page.onError - stack:
  (anonymous function) (http://www.googletagmanager.com/gtm.js?id=GTM-P3S4LK:66)
  (anonymous function) (http://www.googletagmanager.com/gtm.js?id=GTM-P3S4LK:74)
[ERROR - 2016-05-31T15:06:23.939Z] Session [288c2710-2741-11e6-8931-61dd76c969a4] - page.onError - msg: [object Object]
[ERROR - 2016-05-31T15:06:23.940Z] Session [288c2710-2741-11e6-8931-61dd76c969a4] - page.onError - stack:
  (anonymous function) (http://www.googletagmanager.com/gtm.js?id=GTM-P3S4LK:66)
  (anonymous function) (http://www.googletagmanager.com/gtm.js?id=GTM-P3S4LK:73)
[ERROR - 2016-05-31T15:06:23.940Z] Session [288c2710-2741-11e6-8931-61dd76c969a4] - page.onError - msg: [object Object]
[ERROR - 2016-05-31T15:06:23.940Z] Session [288c2710-2741-11e6-8931-61dd76c969a4] - page.onError - stack:
  (anonymous function) (http://www.googletagmanager.com/gtm.js?id=GTM-P3S4LK:66)
  (anonymous function) (http://www.googletagmanager.com/gtm.js?id=GTM-P3S4LK:74)
[ERROR - 2016-05-31T15:06:25.988Z] Session [288c2710-2741-11e6-8931-61dd76c969a4] - page.onError - msg: TypeError: 'undefined' is not an object (evaluating 'version[1].split')
[ERROR - 2016-05-31T15:06:25.989Z] Session [288c2710-2741-11e6-8931-61dd76c969a4] - page.onError - stack:
  classSafari (http://www.dia.es/compra-online/_ui/desktop/theme-dia/js/main.js:365)
  (anonymous function) (http://www.dia.es/compra-online/_ui/desktop/theme-dia/js/main.js:27)
  (anonymous function) (http://www.dia.es/compra-online/_ui/desktop/common/js/jquery-1.7.2.min.js:2)
  (anonymous function) (http://www.dia.es/compra-online/_ui/desktop/common/js/jquery-1.7.2.min.js:2)
  (anonymous function) (http://www.dia.es/compra-online/_ui/desktop/common/js/jquery-1.7.2.min.js:2)
  (anonymous function) (http://www.dia.es/compra-online/_ui/desktop/common/js/jquery-1.7.2.min.js:2)
[ERROR - 2016-05-31T15:06:25.990Z] Session [288c2710-2741-11e6-8931-61dd76c969a4] - page.onError - msg: [object Object]
[ERROR - 2016-05-31T15:06:25.990Z] Session [288c2710-2741-11e6-8931-61dd76c969a4] - page.onError - stack:
  (anonymous function) (http://www.googletagmanager.com/gtm.js?id=GTM-P3S4LK:66)
  (anonymous function) (http://www.googletagmanager.com/gtm.js?id=GTM-P3S4LK:74)
[ERROR - 2016-05-31T15:06:26.241Z] Session [288c2710-2741-11e6-8931-61dd76c969a4] - page.onError - msg: [object Object]
[ERROR - 2016-05-31T15:06:26.241Z] Session [288c2710-2741-11e6-8931-61dd76c969a4] - page.onError - stack:
  (anonymous function) (http://www.googletagmanager.com/gtm.js?id=GTM-P3S4LK:66)
  (anonymous function) (http://www.googletagmanager.com/gtm.js?id=GTM-P3S4LK:73)
[ERROR - 2016-05-31T15:06:26.241Z] Session [288c2710-2741-11e6-8931-61dd76c969a4] - page.onError - msg: [object Object]
[ERROR - 2016-05-31T15:06:26.242Z] Session [288c2710-2741-11e6-8931-61dd76c969a4] - page.onError - stack:
  (anonymous function) (http://www.googletagmanager.com/gtm.js?id=GTM-P3S4LK:66)
  (anonymous function) (http://www.googletagmanager.com/gtm.js?id=GTM-P3S4LK:74)
[ERROR - 2016-05-31T15:06:31.912Z] Session [288c2710-2741-11e6-8931-61dd76c969a4] - page.onError - msg: TypeError: 'undefined' is not an object (evaluating 'version[1].split')
[ERROR - 2016-05-31T15:06:31.913Z] Session [288c2710-2741-11e6-8931-61dd76c969a4] - page.onError - stack:
  classSafari (http://www.dia.es/compra-online/_ui/desktop/theme-dia/js/main.js:365)
  (anonymous function) (http://www.dia.es/compra-online/_ui/desktop/theme-dia/js/main.js:27)
  (anonymous function) (http://www.dia.es/compra-online/_ui/desktop/common/js/jquery-1.7.2.min.js:2)
  (anonymous function) (http://www.dia.es/compra-online/_ui/desktop/common/js/jquery-1.7.2.min.js:2)
  (anonymous function) (http://www.dia.es/compra-online/_ui/desktop/common/js/jquery-1.7.2.min.js:2)
  (anonymous function) (http://www.dia.es/compra-online/_ui/desktop/common/js/jquery-1.7.2.min.js:2)
[ERROR - 2016-05-31T15:06:31.913Z] Session [288c2710-2741-11e6-8931-61dd76c969a4] - page.onError - msg: [object Object]
[ERROR - 2016-05-31T15:06:31.913Z] Session [288c2710-2741-11e6-8931-61dd76c969a4] - page.onError - stack:
  (anonymous function) (http://www.googletagmanager.com/gtm.js?id=GTM-P3S4LK:66)
  (anonymous function) (http://www.googletagmanager.com/gtm.js?id=GTM-P3S4LK:74)
[ERROR - 2016-05-31T15:06:32.237Z] Session [288c2710-2741-11e6-8931-61dd76c969a4] - page.onError - msg: [object Object]
[ERROR - 2016-05-31T15:06:32.238Z] Session [288c2710-2741-11e6-8931-61dd76c969a4] - page.onError - stack:
  (anonymous function) (http://www.googletagmanager.com/gtm.js?id=GTM-P3S4LK:66)
  (anonymous function) (http://www.googletagmanager.com/gtm.js?id=GTM-P3S4LK:73)
[ERROR - 2016-05-31T15:06:32.238Z] Session [288c2710-2741-11e6-8931-61dd76c969a4] - page.onError - msg: [object Object]
[ERROR - 2016-05-31T15:06:32.238Z] Session [288c2710-2741-11e6-8931-61dd76c969a4] - page.onError - stack:
  (anonymous function) (http://www.googletagmanager.com/gtm.js?id=GTM-P3S4LK:66)
  (anonymous function) (http://www.googletagmanager.com/gtm.js?id=GTM-P3S4LK:74)
[ERROR - 2016-05-31T15:06:33.431Z] Session [288c2710-2741-11e6-8931-61dd76c969a4] - page.onError - msg: TypeError: 'undefined' is not an object (evaluating 'version[1].split')
[ERROR - 2016-05-31T15:06:33.434Z] Session [288c2710-2741-11e6-8931-61dd76c969a4] - page.onError - stack:
  classSafari (http://www.dia.es/compra-online/_ui/desktop/theme-dia/js/main.js:365)
  (anonymous function) (http://www.dia.es/compra-online/_ui/desktop/theme-dia/js/main.js:27)
  (anonymous function) (http://www.dia.es/compra-online/_ui/desktop/common/js/jquery-1.7.2.min.js:2)
  (anonymous function) (http://www.dia.es/compra-online/_ui/desktop/common/js/jquery-1.7.2.min.js:2)
  (anonymous function) (http://www.dia.es/compra-online/_ui/desktop/common/js/jquery-1.7.2.min.js:2)
  (anonymous function) (http://www.dia.es/compra-online/_ui/desktop/common/js/jquery-1.7.2.min.js:2)
[ERROR - 2016-05-31T15:06:33.435Z] Session [288c2710-2741-11e6-8931-61dd76c969a4] - page.onError - msg: [object Object]
[ERROR - 2016-05-31T15:06:33.435Z] Session [288c2710-2741-11e6-8931-61dd76c969a4] - page.onError - stack:
  (anonymous function) (http://www.googletagmanager.com/gtm.js?id=GTM-P3S4LK:66)
  (anonymous function) (http://www.googletagmanager.com/gtm.js?id=GTM-P3S4LK:74)
[ERROR - 2016-05-31T15:06:33.749Z] Session [288c2710-2741-11e6-8931-61dd76c969a4] - page.onError - msg: [object Object]
[ERROR - 2016-05-31T15:06:33.749Z] Session [288c2710-2741-11e6-8931-61dd76c969a4] - page.onError - stack:
  (anonymous function) (http://www.googletagmanager.com/gtm.js?id=GTM-P3S4LK:66)
  (anonymous function) (http://www.googletagmanager.com/gtm.js?id=GTM-P3S4LK:73)
[ERROR - 2016-05-31T15:06:33.749Z] Session [288c2710-2741-11e6-8931-61dd76c969a4] - page.onError - msg: [object Object]
[ERROR - 2016-05-31T15:06:33.750Z] Session [288c2710-2741-11e6-8931-61dd76c969a4] - page.onError - stack:
  (anonymous function) (http://www.googletagmanager.com/gtm.js?id=GTM-P3S4LK:66)
  (anonymous function) (http://www.googletagmanager.com/gtm.js?id=GTM-P3S4LK:74)
[ERROR - 2016-05-31T15:06:35.417Z] Session [288c2710-2741-11e6-8931-61dd76c969a4] - page.onError - msg: TypeError: 'undefined' is not an object (evaluating 'version[1].split')
[ERROR - 2016-05-31T15:06:35.419Z] Session [288c2710-2741-11e6-8931-61dd76c969a4] - page.onError - stack:
  classSafari (http://www.dia.es/compra-online/_ui/desktop/theme-dia/js/main.js:365)
  (anonymous function) (http://www.dia.es/compra-online/_ui/desktop/theme-dia/js/main.js:27)
  (anonymous function) (http://www.dia.es/compra-online/_ui/desktop/common/js/jquery-1.7.2.min.js:2)
  (anonymous function) (http://www.dia.es/compra-online/_ui/desktop/common/js/jquery-1.7.2.min.js:2)
  (anonymous function) (http://www.dia.es/compra-online/_ui/desktop/common/js/jquery-1.7.2.min.js:2)
  (anonymous function) (http://www.dia.es/compra-online/_ui/desktop/common/js/jquery-1.7.2.min.js:2)
[ERROR - 2016-05-31T15:06:35.419Z] Session [288c2710-2741-11e6-8931-61dd76c969a4] - page.onError - msg: [object Object]
[ERROR - 2016-05-31T15:06:35.420Z] Session [288c2710-2741-11e6-8931-61dd76c969a4] - page.onError - stack:
  (anonymous function) (http://www.googletagmanager.com/gtm.js?id=GTM-P3S4LK:66)
  (anonymous function) (http://www.googletagmanager.com/gtm.js?id=GTM-P3S4LK:74)
[ERROR - 2016-05-31T15:06:35.603Z] Session [288c2710-2741-11e6-8931-61dd76c969a4] - page.onError - msg: [object Object]
[ERROR - 2016-05-31T15:06:35.604Z] Session [288c2710-2741-11e6-8931-61dd76c969a4] - page.onError - stack:
  (anonymous function) (http://www.googletagmanager.com/gtm.js?id=GTM-P3S4LK:66)
  (anonymous function) (http://www.googletagmanager.com/gtm.js?id=GTM-P3S4LK:73)
[ERROR - 2016-05-31T15:06:35.604Z] Session [288c2710-2741-11e6-8931-61dd76c969a4] - page.onError - msg: [object Object]
[ERROR - 2016-05-31T15:06:35.604Z] Session [288c2710-2741-11e6-8931-61dd76c969a4] - page.onError - stack:
  (anonymous function) (http://www.googletagmanager.com/gtm.js?id=GTM-P3S4LK:66)
  (anonymous function) (http://www.googletagmanager.com/gtm.js?id=GTM-P3S4LK:74)
[ERROR - 2016-05-31T15:06:39.106Z] Session [288c2710-2741-11e6-8931-61dd76c969a4] - page.onError - msg: TypeError: 'undefined' is not an object (evaluating 'version[1].split')
[ERROR - 2016-05-31T15:06:39.109Z] Session [288c2710-2741-11e6-8931-61dd76c969a4] - page.onError - stack:
  classSafari (http://www.dia.es/compra-online/_ui/desktop/theme-dia/js/main.js:365)
  (anonymous function) (http://www.dia.es/compra-online/_ui/desktop/theme-dia/js/main.js:27)
  (anonymous function) (http://www.dia.es/compra-online/_ui/desktop/common/js/jquery-1.7.2.min.js:2)
  (anonymous function) (http://www.dia.es/compra-online/_ui/desktop/common/js/jquery-1.7.2.min.js:2)
  (anonymous function) (http://www.dia.es/compra-online/_ui/desktop/common/js/jquery-1.7.2.min.js:2)
  (anonymous function) (http://www.dia.es/compra-online/_ui/desktop/common/js/jquery-1.7.2.min.js:2)
[ERROR - 2016-05-31T15:06:39.110Z] Session [288c2710-2741-11e6-8931-61dd76c969a4] - page.onError - msg: [object Object]
[ERROR - 2016-05-31T15:06:39.110Z] Session [288c2710-2741-11e6-8931-61dd76c969a4] - page.onError - stack:
  (anonymous function) (http://www.googletagmanager.com/gtm.js?id=GTM-P3S4LK:66)
  (anonymous function) (http://www.googletagmanager.com/gtm.js?id=GTM-P3S4LK:74)
[ERROR - 2016-05-31T15:06:39.328Z] Session [288c2710-2741-11e6-8931-61dd76c969a4] - page.onError - msg: [object Object]
[ERROR - 2016-05-31T15:06:39.328Z] Session [288c2710-2741-11e6-8931-61dd76c969a4] - page.onError - stack:
  (anonymous function) (http://www.googletagmanager.com/gtm.js?id=GTM-P3S4LK:66)
  (anonymous function) (http://www.googletagmanager.com/gtm.js?id=GTM-P3S4LK:73)
[ERROR - 2016-05-31T15:06:39.328Z] Session [288c2710-2741-11e6-8931-61dd76c969a4] - page.onError - msg: [object Object]
[ERROR - 2016-05-31T15:06:39.328Z] Session [288c2710-2741-11e6-8931-61dd76c969a4] - page.onError - stack:
  (anonymous function) (http://www.googletagmanager.com/gtm.js?id=GTM-P3S4LK:66)
  (anonymous function) (http://www.googletagmanager.com/gtm.js?id=GTM-P3S4LK:74)
[ERROR - 2016-05-31T15:06:40.461Z] Session [288c2710-2741-11e6-8931-61dd76c969a4] - page.onError - msg: TypeError: 'undefined' is not an object (evaluating 'version[1].split')
[ERROR - 2016-05-31T15:06:40.462Z] Session [288c2710-2741-11e6-8931-61dd76c969a4] - page.onError - stack:
  classSafari (http://www.dia.es/compra-online/_ui/desktop/theme-dia/js/main.js:365)
  (anonymous function) (http://www.dia.es/compra-online/_ui/desktop/theme-dia/js/main.js:27)
  (anonymous function) (http://www.dia.es/compra-online/_ui/desktop/common/js/jquery-1.7.2.min.js:2)
  (anonymous function) (http://www.dia.es/compra-online/_ui/desktop/common/js/jquery-1.7.2.min.js:2)
  (anonymous function) (http://www.dia.es/compra-online/_ui/desktop/common/js/jquery-1.7.2.min.js:2)
  (anonymous function) (http://www.dia.es/compra-online/_ui/desktop/common/js/jquery-1.7.2.min.js:2)
[ERROR - 2016-05-31T15:06:40.462Z] Session [288c2710-2741-11e6-8931-61dd76c969a4] - page.onError - msg: [object Object]
[ERROR - 2016-05-31T15:06:40.462Z] Session [288c2710-2741-11e6-8931-61dd76c969a4] - page.onError - stack:
  (anonymous function) (http://www.googletagmanager.com/gtm.js?id=GTM-P3S4LK:66)
  (anonymous function) (http://www.googletagmanager.com/gtm.js?id=GTM-P3S4LK:74)
[ERROR - 2016-05-31T15:06:40.880Z] Session [288c2710-2741-11e6-8931-61dd76c969a4] - page.onError - msg: [object Object]
[ERROR - 2016-05-31T15:06:40.882Z] Session [288c2710-2741-11e6-8931-61dd76c969a4] - page.onError - stack:
  (anonymous function) (http://www.googletagmanager.com/gtm.js?id=GTM-P3S4LK:66)
  (anonymous function) (http://www.googletagmanager.com/gtm.js?id=GTM-P3S4LK:73)
[ERROR - 2016-05-31T15:06:40.882Z] Session [288c2710-2741-11e6-8931-61dd76c969a4] - page.onError - msg: [object Object]
[ERROR - 2016-05-31T15:06:40.882Z] Session [288c2710-2741-11e6-8931-61dd76c969a4] - page.onError - stack:
  (anonymous function) (http://www.googletagmanager.com/gtm.js?id=GTM-P3S4LK:66)
  (anonymous function) (http://www.googletagmanager.com/gtm.js?id=GTM-P3S4LK:74)
[ERROR - 2016-05-31T15:06:42.459Z] Session [288c2710-2741-11e6-8931-61dd76c969a4] - page.onError - msg: TypeError: 'undefined' is not an object (evaluating 'version[1].split')
[ERROR - 2016-05-31T15:06:42.460Z] Session [288c2710-2741-11e6-8931-61dd76c969a4] - page.onError - stack:
  classSafari (http://www.dia.es/compra-online/_ui/desktop/theme-dia/js/main.js:365)
  (anonymous function) (http://www.dia.es/compra-online/_ui/desktop/theme-dia/js/main.js:27)
  (anonymous function) (http://www.dia.es/compra-online/_ui/desktop/common/js/jquery-1.7.2.min.js:2)
  (anonymous function) (http://www.dia.es/compra-online/_ui/desktop/common/js/jquery-1.7.2.min.js:2)
  (anonymous function) (http://www.dia.es/compra-online/_ui/desktop/common/js/jquery-1.7.2.min.js:2)
  (anonymous function) (http://www.dia.es/compra-online/_ui/desktop/common/js/jquery-1.7.2.min.js:2)
[ERROR - 2016-05-31T15:06:42.460Z] Session [288c2710-2741-11e6-8931-61dd76c969a4] - page.onError - msg: [object Object]
[ERROR - 2016-05-31T15:06:42.460Z] Session [288c2710-2741-11e6-8931-61dd76c969a4] - page.onError - stack:
  (anonymous function) (http://www.googletagmanager.com/gtm.js?id=GTM-P3S4LK:66)
  (anonymous function) (http://www.googletagmanager.com/gtm.js?id=GTM-P3S4LK:74)
[ERROR - 2016-05-31T15:06:42.628Z] Session [288c2710-2741-11e6-8931-61dd76c969a4] - page.onError - msg: [object Object]
[ERROR - 2016-05-31T15:06:42.628Z] Session [288c2710-2741-11e6-8931-61dd76c969a4] - page.onError - stack:
  (anonymous function) (http://www.googletagmanager.com/gtm.js?id=GTM-P3S4LK:66)
  (anonymous function) (http://www.googletagmanager.com/gtm.js?id=GTM-P3S4LK:73)
[ERROR - 2016-05-31T15:06:42.629Z] Session [288c2710-2741-11e6-8931-61dd76c969a4] - page.onError - msg: [object Object]
[ERROR - 2016-05-31T15:06:42.629Z] Session [288c2710-2741-11e6-8931-61dd76c969a4] - page.onError - stack:
  (anonymous function) (http://www.googletagmanager.com/gtm.js?id=GTM-P3S4LK:66)
  (anonymous function) (http://www.googletagmanager.com/gtm.js?id=GTM-P3S4LK:74)
[ERROR - 2016-05-31T15:06:48.433Z] Session [288c2710-2741-11e6-8931-61dd76c969a4] - page.onError - msg: TypeError: 'undefined' is not an object (evaluating 'version[1].split')
[ERROR - 2016-05-31T15:06:48.447Z] Session [288c2710-2741-11e6-8931-61dd76c969a4] - page.onError - stack:
  classSafari (http://www.dia.es/compra-online/_ui/desktop/theme-dia/js/main.js:365)
  (anonymous function) (http://www.dia.es/compra-online/_ui/desktop/theme-dia/js/main.js:27)[INFO  - 2016-05-31T15:08:06.980Z] SessionManagerReqHand - _cleanupWindowlessSessions - Asynchronous Sessions clean-up phase starting NOW
[INFO  - 2016-05-31T15:13:07.041Z] SessionManagerReqHand - _cleanupWindowlessSessions - Asynchronous Sessions clean-up phase starting NOW
n/js/jquery-1.7.2.min.js:2)
  (anonymous function) (http://www.dia.es/compra-online/_ui/desktop/common/js/jquery-1.7.2.min.js:2)
[ERROR - 2016-05-31T15:06:48.448Z] Session [288c2710-2741-11e6-8931-61dd76c969a4] - page.onError - msg: [object Object]
[ERROR - 2016-05-31T15:06:48.448Z] Session [288c2710-2741-11e6-8931-61dd76c969a4] - page.onError - stack:
  (anonymous function) (http://www.googletagmanager.com/gtm.js?id=GTM-P3S4LK:66)
  (anonymous function) (http://www.googletagmanager.com/gtm.js?id=GTM-P3S4LK:74)
[ERROR - 2016-05-31T15:06:48.856Z] Session [288c2710-2741-11e6-8931-61dd76c969a4] - page.onError - msg: [object Object]
[ERROR - 2016-05-31T15:06:48.857Z] Session [288c2710-2741-11e6-8931-61dd76c969a4] - page.onError - stack:
  (anonymous function) (http://www.googletagmanager.com/gtm.js?id=GTM-P3S4LK:66)
  (anonymous function) (http://www.googletagmanager.com/gtm.js?id=GTM-P3S4LK:73)
[ERROR - 2016-05-31T15:06:48.857Z] Session [288c2710-2741-11e6-8931-61dd76c969a4] - page.onError - msg: [object Object]
[ERROR - 2016-05-31T15:06:48.858Z] Session [288c2710-2741-11e6-8931-61dd76c969a4] - page.[INFO  - 2016-05-31T15:11:28.083Z] SessionManagerReqHand - _cleanupWindowlessSessions - Asynchronous Sessions clean-up phase starting NOW
etagmanager.com/gtm.js?id=GTM-P3S4LK:74)
[ERROR - 2016-05-31T15:06:50.160Z] Session [288c2710-2741-11e6-8931-61dd76c969a4] - page.onError - msg: TypeError: 'undefined' is not an object (evaluating 'version[1].split')
[ERROR - 2016-05-31T15:06:50.163Z] Session [288c2710-2741-11e6-8931-61dd76c969a4] - page.onError - stack:
  classSafari (http://www.dia.es/compra-online/_ui/desktop/theme-dia/js/main.js:365)
  (anonymous function) (http://www.dia.es/compra-online/_ui/desktop/theme-dia/js/main.js:27)
  (anonymous function) (http://www.dia.es/compra-online/_ui/desktop/common/js/jquery-1.7.2.min.js:2)
  (anonymous function) (http://www.dia.es/compra-online/_ui/desktop/common/js/jquery-1.7.2.min.js:2)
  (anonymous function) (http://www.dia.es/compra-online/_ui/desktop/common/js/jquery-1.7.2.min.js:2)
  (anonymous function) (http://www.dia.es/compra-online/_ui/desktop/common/js/jquery-1.7.2.min.js:2)
[ERROR - 2016-05-31T15:06:50.163Z] Session [288c2710-2741-11e6-8931-61dd76c969a4] - page.onError - msg: [object Object]
[ERROR - 2016-05-31T15:06:50.163Z] Session [288c2710-2741-11e6-8931-61dd76c969a4] - page.onError - stack:
  (anonymous function) (http://www.googletagmanager.com/gtm.js?id=GTM-P3S4LK:66)
  (anonymous function) (http://www.googletagmanager.com/gtm.js?id=GTM-P3S4LK:74)
[ERROR - 2016-05-31T15:06:50.430Z] Session [288c2710-2741-11e6-8931-61dd76c969a4] - page.onError - msg: [object Object]
[ERROR - 2016-05-31T15:06:50.431Z] Session [288c2710-2741-11e6-8931-61dd76c969a4] - page.onError - stack:
  (anonymous function) (http://www.googletagmanager.com/gtm.js?id=GTM-P3S4LK:66)
  (anonymous function) (http://www.googletagmanager.com/gtm.js?id=GTM-P3S4LK:73)
[ERROR - 2016-05-31T15:06:50.431Z] Session [288c2710-2741-11e6-8931-61dd76c969a4] - page.onError - msg: [object Object]
[ERROR - 2016-05-31T15:06:50.431Z] Session [288c2710-2741-11e6-8931-61dd76c969a4] - page.onError - stack:
  (anonymous function) (http://www.googletagmanager.com/gtm.js?id=GTM-P3S4LK:66)
  (anonymous function) (http://www.googletagmanager.com/gtm.js?id=GTM-P3S4LK:74)
[ERROR - 2016-05-31T15:06:52.116Z] Session [288c2710-2741-11e6-8931-61dd76c969a4] - page.onError - msg: TypeError: 'undefined' is not an object (evaluating 'version[1].split')
[ERROR - 2016-05-31T15:06:52.117Z] Session [288c2710-2741-11e6-8931-61dd76c969a4] - page.onError - stack:
  classSafari (http://www.dia.es/compra-online/_ui/desktop/theme-dia/js/main.js:365)
  (anonymous function) (http://www.dia.es/compra-online/_ui/desktop/theme-dia/js/main.js:27)
  (anonymous function) (http://www.dia.es/compra-online/_ui/desktop/common/js/jquery-1.7.2.min.js:2)
  (anonymous function) (http://www.dia.es/compra-online/_ui/desktop/common/js/jquery-1.7.2.min.js:2)
  (anonymous function) (http://www.dia.es/compra-online/_ui/desktop/common/js/jquery-1.7.2.min.js:2)
  (anonymous function) (http://www.dia.es/compra-online/_ui/desktop/common/js/jquery-1.7.2.min.js:2)
[ERROR - 2016-05-31T15:06:52.117Z] Session [288c2710-2741-11e6-8931-61dd76c969a4] - page.onError - msg: [object Object]
[ERROR - 2016-05-31T15:06:52.117Z] Session [288c2710-2741-11e6-8931-61dd76c969a4] - page.onError - stack:
  (anonymous function) (http://www.googletagmanager.com/gtm.js?id=GTM-P3S4LK:66)
  (anonymous function) (http://www.googletagmanager.com/gtm.js?id=GTM-P3S4LK:74)
[ERROR - 2016-05-31T15:06:52.466Z] Session [288c2710-2741-11e6-8931-61dd76c969a4] - page.onError - msg: [object Object]
[ERROR - 2016-05-31T15:06:52.466Z] Session [288c2710-2741-11e6-8931-61dd76c969a4] - page.onError - stack:
  (anonymous function) (http://www.googletagmanager.com/gtm.js?id=GTM-P3S4LK:66)
  (anonymous function) (http://www.googletagmanager.com/gtm.js?id=GTM-P3S4LK:73)
[ERROR - 2016-05-31T15:06:52.467Z] Session [288c2710-2741-11e6-8931-61dd76c969a4] - page.onError - msg: [object Object]
[ERROR - 2016-05-31T15:06:52.467Z] Session [288c2710-2741-11e6-8931-61dd76c969a4] - page.onError - stack:
  (anonymous function) (http://www.googletagmanager.com/gtm.js?id=GTM-P3S4LK:66)
  (anonymous function) (http://www.googletagmanager.com/gtm.js?id=GTM-P3S4LK:74)
[ERROR - 2016-05-31T15:06:57.036Z] Session [288c2710-2741-11e6-8931-61dd76c969a4] - page.onError - msg: TypeError: 'undefined' is not an object (evaluating 'version[1].split')
[ERROR - 2016-05-31T15:06:57.036Z] Session [288c2710-2741-11e6-8931-61dd76c969a4] - page.onError - stack:
  classSafari (http://www.dia.es/compra-online/_ui/desktop/theme-dia/js/main.js:365)
  (anonymous function) (http://www.dia.es/compra-online/_ui/desktop/theme-dia/js/main.js:27)
  (anonymous function) (http://www.dia.es/compra-online/_ui/desktop/common/js/jquery-1.7.2.min.js:2)
  (anonymous function) (http://www.dia.es/compra-online/_ui/desktop/common/js/jquery-1.7.2.min.js:2)
  (anonymous function) (http://www.dia.es/compra-online/_ui/desktop/common/js/jquery-1.7.2.min.js:2)
  (anonymous function) (http://www.dia.es/compra-online/_ui/desktop/common/js/jquery-1.7.2.min.js:2)
[ERROR - 2016-05-31T15:06:57.036Z] Session [288c2710-2741-11e6-8931-61dd76c969a4] - page.onError - msg: [object Object]
[ERROR - 2016-05-31T15:06:57.037Z] Session [288c2710-2741-11e6-8931-61dd76c969a4] - page.onError - stack:
  (anonymous function) (http://www.googletagmanager.com/gtm.js?id=GTM-P3S4LK:66)
  (anonymous function) (http://www.googletagmanager.com/gtm.js?id=GTM-P3S4LK:74)
[ERROR - 2016-05-31T15:06:57.269Z] Session [288c2710-2741-11e6-8931-61dd76c969a4] - page.onError - msg: [object Object]
[ERROR - 2016-05-31T15:06:57.271Z] Session [288c2710-2741-11e6-8931-61dd76c969a4] - page.onError - stack:
  (anonymous function) (http://www.googletagmanager.com/gtm.js?id=GTM-P3S4LK:66)
  (anonymous function) (http://www.googletagmanager.com/gtm.js?id=GTM-P3S4LK:73)
[ERROR - 2016-05-31T15:06:57.272Z] Session [288c2710-2741-11e6-8931-61dd76c969a4] - page.onError - msg: [object Object]
[ERROR - 2016-05-31T15:06:57.272Z] Session [288c2710-2741-11e6-8931-61dd76c969a4] - page.onError - stack:
  (anonymous function) (http://www.googletagmanager.com/gtm.js?id=GTM-P3S4LK:66)
  (anonymous function) (http://www.googletagmanager.com/gtm.js?id=GTM-P3S4LK:74)
[ERROR - 2016-05-31T15:06:58.936Z] Session [288c2710-2741-11e6-8931-61dd76c969a4] - page.onError - msg: TypeError: 'undefined' is not an object (evaluating 'version[1].split')
[ERROR - 2016-05-31T15:06:58.936Z] Session [288c2710-2741-11e6-8931-61dd76c969a4] - page.onError - stack:
  classSafari (http://www.dia.es/compra-online/_ui/desktop/theme-dia/js/main.js:365)
  (anonymous function) (http://www.dia.es/compra-online/_ui/desktop/theme-dia/js/main.js:27)
  (anonymous function) (http://www.dia.es/compra-online/_ui/desktop/common/js/jquery-1.7.2.min.js:2)
  (anonymous function) (http://www.dia.es/compra-online/_ui/desktop/common/js/jquery-1.7.2.min.js:2)
  (anonymous function) (http://www.dia.es/compra-online/_ui/desktop/common/js/jquery-1.7.2.min.js:2)
  (anonymous function) (http://www.dia.es/compra-online/_ui/desktop/common/js/jquery-1.7.2.min.js:2)
[ERROR - 2016-05-31T15:06:58.937Z] Session [288c2710-2741-11e6-8931-61dd76c969a4] - page.onError - msg: [object Object]
[ERROR - 2016-05-31T15:06:58.937Z] Session [288c2710-2741-11e6-8931-61dd76c969a4] - page.onError - stack:
  (anonymous function) (http://www.googletagmanager.com/gtm.js?id=GTM-P3S4LK:66)
  (anonymous function) (http://www.googletagmanager.com/gtm.js?id=GTM-P3S4LK:74)
[ERROR - 2016-05-31T15:06:59.018Z] Session [288c2710-2741-11e6-8931-61dd76c969a4] - page.onError - msg: [object Object]
[ERROR - 2016-05-31T15:06:59.019Z] Session [288c2710-2741-11e6-8931-61dd76c969a4] - page.onError - stack:
  (anonymous function) (http://www.googletagmanager.com/gtm.js?id=GTM-P3S4LK:66)
  (anonymous function) (http://www.googletagmanager.com/gtm.js?id=GTM-P3S4LK:73)
[ERROR - 2016-05-31T15:06:59.019Z] Session [288c2710-2741-11e6-8931-61dd76c969a4] - page.onError - msg: [object Object]
[ERROR - 2016-05-31T15:06:59.019Z] Session [288c2710-2741-11e6-8931-61dd76c969a4] - page.onError - stack:
  (anonymous function) (http://www.googletagmanager.com/gtm.js?id=GTM-P3S4LK:66)
  (anonymous function) (http://www.googletagmanager.com/gtm.js?id=GTM-P3S4LK:74)
[ERROR - 2016-05-31T15:07:24.197Z] Session [288c2710-2741-11e6-8931-61dd76c969a4] - page.onError - msg: TypeError: 'undefined' is not an object (evaluating 'version[1].split')
[ERROR - 2016-05-31T15:07:24.208Z] Session [288c2710-2741-11e6-8931-61dd76c969a4] - page.onError - stack:
  classSafari (http://www.dia.es/compra-online/_ui/desktop/theme-dia/js/main.js:365)
  (anonymous function) (http://www.dia.es/compra-online/_ui/desktop/theme-dia/js/main.js:27)
  (anonymous function) (http://www.dia.es/compra-online/_ui/desktop/common/js/jquery-1.7.2.min.js:2)
  (anonymous function) (http://www.dia.es/compra-online/_ui/desktop/common/js/jquery-1.7.2.min.js:2)
  (anonymous function) (http://www.dia.es/compra-online/_ui/desktop/common/js/jquery-1.7.2.min.js:2)
  (anonymous function) (http://www.dia.es/compra-online/_ui/desktop/common/js/jquery-1.7.2.min.js:2)
[ERROR - 2016-05-31T15:07:24.209Z] Session [288c2710-2741-11e6-8931-61dd76c969a4] - page.onError - msg: [object Object]
[ERROR - 2016-05-31T15:07:24.209Z] Session [288c2710-2741-11e6-8931-61dd76c969a4] - page.onError - stack:
  (anonymous function) (http://www.googletagmanager.com/gtm.js?id=GTM-P3S4LK:66)
  (anonymous function) (http://www.googletagmanager.com/gtm.js?id=GTM-P3S4LK:74)
[ERROR - 2016-05-31T15:07:24.385Z] Session [288c2710-2741-11e6-8931-61dd76c969a4] - page.onError - msg: [object Object]
[ERROR - 2016-05-31T15:07:24.386Z] Session [288c2710-2741-11e6-8931-61dd76c969a4] - page.onError - stack:
  (anonymous function) (http://www.googletagmanager.com/gtm.js?id=GTM-P3S4LK:66)
  (anonymous function) (http://www.googletagmanager.com/gtm.js?id=GTM-P3S4LK:73)
[ERROR - 2016-05-31T15:07:24.387Z] Session [288c2710-2741-11e6-8931-61dd76c969a4] - page.onError - msg: [object Object]
[ERROR - 2016-05-31T15:07:24.387Z] Session [288c2710-2741-11e6-8931-61dd76c969a4] - page.onError - stack:
  (anonymous function) (http://www.googletagmanager.com/gtm.js?id=GTM-P3S4LK:66)
  (anonymous function) (http://www.googletagmanager.com/gtm.js?id=GTM-P3S4LK:74)
[ERROR - 2016-05-31T15:07:28.211Z] Session [288c2710-2741-11e6-8931-61dd76c969a4] - page.onError - msg: TypeError: 'undefined' is not an object (evaluating 'version[1].split')
[ERROR - 2016-05-31T15:07:28.214Z] Session [288c2710-2741-11e6-8931-61dd76c969a4] - page.onError - stack:
  classSafari (http://www.dia.es/compra-online/_ui/desktop/theme-dia/js/main.js:365)
  (anonymous function) (http://www.dia.es/compra-online/_ui/desktop/theme-dia/js/main.js:27)
  (anonymous function) (http://www.dia.es/compra-online/_ui/desktop/common/js/jquery-1.7.2.min.js:2)
  (anonymous function) (http://www.dia.es/compra-online/_ui/desktop/common/js/jquery-1.7.2.min.js:2)
  (anonymous function) (http://www.dia.es/compra-online/_ui/desktop/common/js/jquery-1.7.2.min.js:2)
  (anonymous function) (http://www.dia.es/compra-online/_ui/desktop/common/js/jquery-1.7.2.min.js:2)
[ERROR - 2016-05-31T15:07:28.215Z] Session [288c2710-2741-11e6-8931-61dd76c969a4] - page.onError - msg: [object Object]
[ERROR - 2016-05-31T15:07:28.215Z] Session [288c2710-2741-11e6-8931-61dd76c969a4] - page.onError - stack:
  (anonymous function) (http://www.googletagmanager.com/gtm.js?id=GTM-P3S4LK:66)
  (anonymous function) (http://www.googletagmanager.com/gtm.js?id=GTM-P3S4LK:74)
[ERROR - 2016-05-31T15:07:28.427Z] Session [288c2710-2741-11e6-8931-61dd76c969a4] - page.onError - msg: [object Object]
[ERROR - 2016-05-31T15:07:28.428Z] Session [288c2710-2741-11e6-8931-61dd76c969a4] - page.onError - stack:
  (anonymous function) (http://www.googletagmanager.com/gtm.js?id=GTM-P3S4LK:66)
  (anonymous function) (http://www.googletagmanager.com/gtm.js?id=GTM-P3S4LK:73)
[ERROR - 2016-05-31T15:07:28.428Z] Session [288c2710-2741-11e6-8931-61dd76c969a4] - page.onError - msg: [object Object]
[ERROR - 2016-05-31T15:07:28.428Z] Session [288c2710-2741-11e6-8931-61dd76c969a4] - page.onError - stack:
  (anonymous function) (http://www.googletagmanager.com/gtm.js?id=GTM-P3S4LK:66)
  (anonymous function) (http://www.googletagmanager.com/gtm.js?id=GTM-P3S4LK:74)
[ERROR - 2016-05-31T15:07:30.221Z] Session [288c2710-2741-11e6-8931-61dd76c969a4] - page.onError - msg: TypeError: 'undefined' is not an object (evaluating 'version[1].split')
[ERROR - 2016-05-31T15:07:30.222Z] Session [288c2710-2741-11e6-8931-61dd76c969a4] - page.onError - stack:
  classSafari (http://www.dia.es/compra-online/_ui/desktop/theme-dia/js/main.js:365)
  (anonymous function) (http://www.dia.es/compra-online/_ui/desktop/theme-dia/js/main.js:27)
  (anonymous function) (http://www.dia.es/compra-online/_ui/desktop/common/js/jquery-1.7.2.min.js:2)
  (anonymous function) (http://www.dia.es/compra-online/_ui/desktop/common/js/jquery-1.7.2.min.js:2)
  (anonymous function) (http://www.dia.es/compra-online/_ui/desktop/common/js/jquery-1.7.2.min.js:2)
  (anonymous function) (http://www.dia.es/compra-online/_ui/desktop/common/js/jquery-1.7.2.min.js:2)
[ERROR - 2016-05-31T15:07:30.222Z] Session [288c2710-2741-11e6-8931-61dd76c969a4] - page.onError - msg: [object Object]
[ERROR - 2016-05-31T15:07:30.222Z] Session [288c2710-2741-11e6-8931-61dd76c969a4] - page.onError - stack:
  (anonymous function) (http://www.googletagmanager.com/gtm.js?id=GTM-P3S4LK:66)
  (anonymous function) (http://www.googletagmanager.com/gtm.js?id=GTM-P3S4LK:74)
[ERROR - 2016-05-31T15:07:30.636Z] Session [288c2710-2741-11e6-8931-61dd76c969a4] - page.onError - msg: [object Object]
[ERROR - 2016-05-31T15:07:30.637Z] Session [288c2710-2741-11e6-8931-61dd76c969a4] - page.onError - stack:
  (anonymous function) (http://www.googletagmanager.com/gtm.js?id=GTM-P3S4LK:66)
  (anonymous function) (http://www.googletagmanager.com/gtm.js?id=GTM-P3S4LK:73)
[ERROR - 2016-05-31T15:07:30.637Z] Session [288c2710-2741-11e6-8931-61dd76c969a4] - page.onError - msg: [object Object]
[ERROR - 2016-05-31T15:07:30.637Z] Session [288c2710-2741-11e6-8931-61dd76c969a4] - page.onError - stack:
  (anonymous function) (http://www.googletagmanager.com/gtm.js?id=GTM-P3S4LK:66)
  (anonymous function) (http://www.googletagmanager.com/gtm.js?id=GTM-P3S4LK:74)
[ERROR - 2016-05-31T15:07:32.698Z] Session [288c2710-2741-11e6-8931-61dd76c969a4] - page.onError - msg: TypeError: 'undefined' is not an object (evaluating 'version[1].split')
[ERROR - 2016-05-31T15:07:32.702Z] Session [288c2710-2741-11e6-8931-61dd76c969a4] - page.onError - stack:
  classSafari (http://www.dia.es/compra-online/_ui/desktop/theme-dia/js/main.js:365)
  (anonymous function) (http://www.dia.es/compra-online/_ui/desktop/theme-dia/js/main.js:27)
  (anonymous function) (http://www.dia.es/compra-online/_ui/desktop/common/js/jquery-1.7.2.min.js:2)
  (anonymous function) (http://www.dia.es/compra-online/_ui/desktop/common/js/jquery-1.7.2.min.js:2)
  (anonymous function) (http://www.dia.es/compra-online/_ui/desktop/common/js/jquery-1.7.2.min.js:2)
  (anonymous function) (http://www.dia.es/compra-online/_ui/desktop/common/js/jquery-1.7.2.min.js:2)
[ERROR - 2016-05-31T15:07:32.702Z] Session [288c2710-2741-11e6-8931-61dd76c969a4] - page.onError - msg: [object Object]
[ERROR - 2016-05-31T15:07:32.702Z] Session [288c2710-2741-11e6-8931-61dd76c969a4] - page.onError - stack:
  (anonymous function) (http://www.googletagmanager.com/gtm.js?id=GTM-P3S4LK:66)
  (anonymous function) (http://www.googletagmanager.com/gtm.js?id=GTM-P3S4LK:74)
[ERROR - 2016-05-31T15:07:32.860Z] Session [288c2710-2741-11e6-8931-61dd76c969a4] - page.onError - msg: [object Object]
[ERROR - 2016-05-31T15:07:32.860Z] Session [288c2710-2741-11e6-8931-61dd76c969a4] - page.onError - stack:
  (anonymous function) (http://www.googletagmanager.com/gtm.js?id=GTM-P3S4LK:66)
  (anonymous function) (http://www.googletagmanager.com/gtm.js?id=GTM-P3S4LK:73)
[ERROR - 2016-05-31T15:07:32.861Z] Session [288c2710-2741-11e6-8931-61dd76c969a4] - page.onError - msg: [object Object]
[ERROR - 2016-05-31T15:07:32.861Z] Session [288c2710-2741-11e6-8931-61dd76c969a4] - page.onError - stack:
  (anonymous function) (http://www.googletagmanager.com/gtm.js?id=GTM-P3S4LK:66)
  (anonymous function) (http://www.googletagmanager.com/gtm.js?id=GTM-P3S4LK:74)
[ERROR - 2016-05-31T15:07:37.581Z] Session [288c2710-2741-11e6-8931-61dd76c969a4] - page.onError - msg: TypeError: 'undefined' is not an object (evaluating 'version[1].split')
[ERROR - 2016-05-31T15:07:37.585Z] Session [288c2710-2741-11e6-8931-61dd76c969a4] - page.onError - stack:
  classSafari (http://www.dia.es/compra-online/_ui/desktop/theme-dia/js/main.js:365)
  (anonymous function) (http://www.dia.es/compra-online/_ui/desktop/theme-dia/js/main.js:27)
  (anonymous function) (http://www.dia.es/compra-online/_ui/desktop/common/js/jquery-1.7.2.min.js:2)
  (anonymous function) (http://www.dia.es/compra-online/_ui/desktop/common/js/jquery-1.7.2.min.js:2)
  (anonymous function) (http://www.dia.es/compra-online/_ui/desktop/common/js/jquery-1.7.2.min.js:2)
  (anonymous function) (http://www.dia.es/compra-online/_ui/desktop/common/js/jquery-1.7.2.min.js:2)
[ERROR - 2016-05-31T15:07:37.585Z] Session [288c2710-2741-11e6-8931-61dd76c969a4] - page.onError - msg: [object Object]
[ERROR - 2016-05-31T15:07:37.585Z] Session [288c2710-2741-11e6-8931-61dd76c969a4] - page.onError - stack:
  (anonymous function) (http://www.googletagmanager.com/gtm.js?id=GTM-P3S4LK:66)
  (anonymous function) (http://www.googletagmanager.com/gtm.js?id=GTM-P3S4LK:74)
[ERROR - 2016-05-31T15:07:37.801Z] Session [288c2710-2741-11e6-8931-61dd76c969a4] - page.onError - msg: [object Object]
[ERROR - 2016-05-31T15:07:37.801Z] Session [288c2710-2741-11e6-8931-61dd76c969a4] - page.onError - stack:
  (anonymous function) (http://www.googletagmanager.com/gtm.js?id=GTM-P3S4LK:66)
  (anonymous function) (http://www.googletagmanager.com/gtm.js?id=GTM-P3S4LK:73)
[ERROR - 2016-05-31T15:07:37.801Z] Session [288c2710-2741-11e6-8931-61dd76c969a4] - page.onError - msg: [object Object]
[ERROR - 2016-05-31T15:07:37.801Z] Session [288c2710-2741-11e6-8931-61dd76c969a4] - page.onError - stack:
  (anonymous function) (http://www.googletagmanager.com/gtm.js?id=GTM-P3S4LK:66)
  (anonymous function) (http://www.googletagmanager.com/gtm.js?id=GTM-P3S4LK:74)
[ERROR - 2016-05-31T15:07:39.726Z] Session [288c2710-2741-11e6-8931-61dd76c969a4] - page.onError - msg: TypeError: 'undefined' is not an object (evaluating 'version[1].split')
[ERROR - 2016-05-31T15:07:39.726Z] Session [288c2710-2741-11e6-8931-61dd76c969a4] - page.onError - stack:
  classSafari (http://www.dia.es/compra-online/_ui/desktop/theme-dia/js/main.js:365)
  (anonymous function) (http://www.dia.es/compra-online/_ui/desktop/theme-dia/js/main.js:27)
  (anonymous function) (http://www.dia.es/compra-online/_ui/desktop/common/js/jquery-1.7.2.min.js:2)
  (anonymous function) (http://www.dia.es/compra-online/_ui/desktop/common/js/jquery-1.7.2.min.js:2)
  (anonymous function) (http://www.dia.es/compra-online/_ui/desktop/common/js/jquery-1.7.2.min.js:2)
  (anonymous function) (http://www.dia.es/compra-online/_ui/desktop/common/js/jquery-1.7.2.min.js:2)
[ERROR - 2016-05-31T15:07:39.727Z] Session [288c2710-2741-11e6-8931-61dd76c969a4] - page.onError - msg: [object Object]
[ERROR - 2016-05-31T15:07:39.727Z] Session [288c2710-2741-11e6-8931-61dd76c969a4] - page.onError - stack:
  (anonymous function) (http://www.googletagmanager.com/gtm.js?id=GTM-P3S4LK:66)
  (anonymous function) (http://www.googletagmanager.com/gtm.js?id=GTM-P3S4LK:74)
[ERROR - 2016-05-31T15:07:40.005Z] Session [288c2710-2741-11e6-8931-61dd76c969a4] - page.onError - msg: [object Object]
[ERROR - 2016-05-31T15:07:40.005Z] Session [288c2710-2741-11e6-8931-61dd76c969a4] - page.onError - stack:
  (anonymous function) (http://www.googletagmanager.com/gtm.js?id=GTM-P3S4LK:66)
  (anonymous function) (http://www.googletagmanager.com/gtm.js?id=GTM-P3S4LK:73)
[ERROR - 2016-05-31T15:07:40.005Z] Session [288c2710-2741-11e6-8931-61dd76c969a4] - page.onError - msg: [object Object]
[ERROR - 2016-05-31T15:07:40.005Z] Session [288c2710-2741-11e6-8931-61dd76c969a4] - page.onError - stack:
  (anonymous function) (http://www.googletagmanager.com/gtm.js?id=GTM-P3S4LK:66)
  (anonymous function) (http://www.googletagmanager.com/gtm.js?id=GTM-P3S4LK:74)
[ERROR - 2016-05-31T15:07:42.545Z] Session [288c2710-2741-11e6-8931-61dd76c969a4] - page.onError - msg: TypeError: 'undefined' is not an object (evaluating 'version[1].split')
[ERROR - 2016-05-31T15:07:42.546Z] Session [288c2710-2741-11e6-8931-61dd76c969a4] - page.onError - stack:
  classSafari (http://www.dia.es/compra-online/_ui/desktop/theme-dia/js/main.js:365)
  (anonymous function) (http://www.dia.es/compra-online/_ui/desktop/theme-dia/js/main.js:27)
  (anonymous function) (http://www.dia.es/compra-online/_ui/desktop/common/js/jquery-1.7.2.min.js:2)
  (anonymous function) (http://www.dia.es/compra-online/_ui/desktop/common/js/jquery-1.7.2.min.js:2)
  (anonymous function) (http://www.dia.es/compra-online/_ui/desktop/common/js/jquery-1.7.2.min.js:2)
  (anonymous function) (http://www.dia.es/compra-online/_ui/desktop/common/js/jquery-1.7.2.min.js:2)
[ERROR - 2016-05-31T15:07:42.546Z] Session [288c2710-2741-11e6-8931-61dd76c969a4] - page.onError - msg: [object Object]
[ERROR - 2016-05-31T15:07:42.546Z] Session [288c2710-2741-11e6-8931-61dd76c969a4] - page.onError - stack:
  (anonymous function) (http://www.googletagmanager.com/gtm.js?id=GTM-P3S4LK:66)
  (anonymous function) (http://www.googletagmanager.com/gtm.js?id=GTM-P3S4LK:74)
[ERROR - 2016-05-31T15:07:42.742Z] Session [288c2710-2741-11e6-8931-61dd76c969a4] - page.onError - msg: [object Object]
[ERROR - 2016-05-31T15:07:42.743Z] Session [288c2710-2741-11e6-8931-61dd76c969a4] - page.onError - stack:
  (anonymous function) (http://www.googletagmanager.com/gtm.js?id=GTM-P3S4LK:66)
  (anonymous function) (http://www.googletagmanager.com/gtm.js?id=GTM-P3S4LK:73)
[ERROR - 2016-05-31T15:07:42.743Z] Session [288c2710-2741-11e6-8931-61dd76c969a4] - page.onError - msg: [object Object]
[ERROR - 2016-05-31T15:07:42.743Z] Session [288c2710-2741-11e6-8931-61dd76c969a4] - page.onError - stack:
  (anonymous function) (http://www.googletagmanager.com/gtm.js?id=GTM-P3S4LK:66)
  (anonymous function) (http://www.googletagmanager.com/gtm.js?id=GTM-P3S4LK:74)
[ERROR - 2016-05-31T15:07:45.605Z] Session [288c2710-2741-11e6-8931-61dd76c969a4] - page.onError - msg: TypeError: 'undefined' is not an object (evaluating 'version[1].split')
[ERROR - 2016-05-31T15:07:45.605Z] Session [288c2710-2741-11e6-8931-61dd76c969a4] - page.onError - stack:
  classSafari (http://www.dia.es/compra-online/_ui/desktop/theme-dia/js/main.js:365)
  (anonymous function) (http://www.dia.es/compra-online/_ui/desktop/theme-dia/js/main.js:27)
  (anonymous function) (http://www.dia.es/compra-online/_ui/desktop/common/js/jquery-1.7.2.min.js:2)
  (anonymous function) (http://www.dia.es/compra-online/_ui/desktop/common/js/jquery-1.7.2.min.js:2)
  (anonymous function) (http://www.dia.es/compra-online/_ui/desktop/common/js/jquery-1.7.2.min.js:2)
  (anonymous function) (http://www.dia.es/compra-online/_ui/desktop/common/js/jquery-1.7.2.min.js:2)
[ERROR - 2016-05-31T15:07:45.606Z] Session [288c2710-2741-11e6-8931-61dd76c969a4] - page.onError - msg: [object Object]
[ERROR - 2016-05-31T15:07:45.606Z] Session [288c2710-2741-11e6-8931-61dd76c969a4] - page.onError - stack:
  (anonymous function) (http://www.googletagmanager.com/gtm.js?id=GTM-P3S4LK:66)
  (anonymous function) (http://www.googletagmanager.com/gtm.js?id=GTM-P3S4LK:74)
[ERROR - 2016-05-31T15:07:45.847Z] Session [288c2710-2741-11e6-8931-61dd76c969a4] - page.onError - msg: [object Object]
[ERROR - 2016-05-31T15:07:45.848Z] Session [288c2710-2741-11e6-8931-61dd76c969a4] - page.onError - stack:
  (anonymous function) (http://www.googletagmanager.com/gtm.js?id=GTM-P3S4LK:66)
  (anonymous function) (http://www.googletagmanager.com/gtm.js?id=GTM-P3S4LK:73)
[ERROR - 2016-05-31T15:07:45.848Z] Session [288c2710-2741-11e6-8931-61dd76c969a4] - page.onError - msg: [object Object]
[ERROR - 2016-05-31T15:07:45.848Z] Session [288c2710-2741-11e6-8931-61dd76c969a4] - page.onError - stack:
  (anonymous function) (http://www.googletagmanager.com/gtm.js?id=GTM-P3S4LK:66)
  (anonymous function) (http://www.googletagmanager.com/gtm.js?id=GTM-P3S4LK:74)
[ERROR - 2016-05-31T15:07:50.474Z] Session [288c2710-2741-11e6-8931-61dd76c969a4] - page.onError - msg: TypeError: 'undefined' is not an object (evaluating 'version[1].split')
[ERROR - 2016-05-31T15:07:50.475Z] Session [288c2710-2741-11e6-8931-61dd76c969a4] - page.onError - stack:
  classSafari (http://www.dia.es/compra-online/_ui/desktop/theme-dia/js/main.js:365)
  (anonymous function) (http://www.dia.es/compra-online/_ui/desktop/theme-dia/js/main.js:27)
  (anonymous function) (http://www.dia.es/compra-online/_ui/desktop/common/js/jquery-1.7.2.min.js:2)
  (anonymous function) (http://www.dia.es/compra-online/_ui/desktop/common/js/jquery-1.7.2.min.js:2)
  (anonymous function) (http://www.dia.es/compra-online/_ui/desktop/common/js/jquery-1.7.2.min.js:2)
  (anonymous function) (http://www.dia.es/compra-online/_ui/desktop/common/js/jquery-1.7.2.min.js:2)
[ERROR - 2016-05-31T15:07:50.476Z] Session [288c2710-2741-11e6-8931-61dd76c969a4] - page.onError - msg: [object Object]
[ERROR - 2016-05-31T15:07:50.476Z] Session [288c2710-2741-11e6-8931-61dd76c969a4] - page.onError - stack:
  (anonymous function) (http://www.googletagmanager.com/gtm.js?id=GTM-P3S4LK:66)
  (anonymous function) (http://www.googletagmanager.com/gtm.js?id=GTM-P3S4LK:74)
[ERROR - 2016-05-31T15:07:50.791Z] Session [288c2710-2741-11e6-8931-61dd76c969a4] - page.onError - msg: [object Object]
[ERROR - 2016-05-31T15:07:50.794Z] Session [288c2710-2741-11e6-8931-61dd76c969a4] - page.onError - stack:
  (anonymous function) (http://www.googletagmanager.com/gtm.js?id=GTM-P3S4LK:66)
  (anonymous function) (http://www.googletagmanager.com/gtm.js?id=GTM-P3S4LK:73)
[ERROR - 2016-05-31T15:07:50.794Z] Session [288c2710-2741-11e6-8931-61dd76c969a4] - page.onError - msg: [object Object]
[ERROR - 2016-05-31T15:07:50.795Z] Session [288c2710-2741-11e6-8931-61dd76c969a4] - page.onError - stack:
  (anonymous function) (http://www.googletagmanager.com/gtm.js?id=GTM-P3S4LK:66)
  (anonymous function) (http://www.googletagmanager.com/gtm.js?id=GTM-P3S4LK:74)
[ERROR - 2016-05-31T15:07:52.778Z] Session [288c2710-2741-11e6-8931-61dd76c969a4] - page.onError - msg: TypeError: 'undefined' is not an object (evaluating 'version[1].split')
[ERROR - 2016-05-31T15:07:52.779Z] Session [288c2710-2741-11e6-8931-61dd76c969a4] - page.onError - stack:
  classSafari (http://www.dia.es/compra-online/_ui/desktop/theme-dia/js/main.js:365)
  (anonymous function) (http://www.dia.es/compra-online/_ui/desktop/theme-dia/js/main.js:27)
  (anonymous function) (http://www.dia.es/compra-online/_ui/desktop/common/js/jquery-1.7.2.min.js:2)
  (anonymous function) (http://www.dia.es/compra-online/_ui/desktop/common/js/jquery-1.7.2.min.js:2)
  (anonymous function) (http://www.dia.es/compra-online/_ui/desktop/common/js/jquery-1.7.2.min.js:2)
  (anonymous function) (http://www.dia.es/compra-online/_ui/desktop/common/js/jquery-1.7.2.min.js:2)
[ERROR - 2016-05-31T15:07:52.780Z] Session [288c2710-2741-11e6-8931-61dd76c969a4] - page.onError - msg: [object Object]
[ERROR - 2016-05-31T15:07:52.781Z] Session [288c2710-2741-11e6-8931-61dd76c969a4] - page.onError - stack:
  (anonymous function) (http://www.googletagmanager.com/gtm.js?id=GTM-P3S4LK:66)
  (anonymous function) (http://www.googletagmanager.com/gtm.js?id=GTM-P3S4LK:74)
[ERROR - 2016-05-31T15:07:52.989Z] Session [288c2710-2741-11e6-8931-61dd76c969a4] - page.onError - msg: [object Object]
[ERROR - 2016-05-31T15:07:52.990Z] Session [288c2710-2741-11e6-8931-61dd76c969a4] - page.onError - stack:
  (anonymous function) (http://www.googletagmanager.com/gtm.js?id=GTM-P3S4LK:66)
  (anonymous function) (http://www.googletagmanager.com/gtm.js?id=GTM-P3S4LK:73)
[ERROR - 2016-05-31T15:07:52.990Z] Session [288c2710-2741-11e6-8931-61dd76c969a4] - page.onError - msg: [object Object]
[ERROR - 2016-05-31T15:07:52.990Z] Session [288c2710-2741-11e6-8931-61dd76c969a4] - page.onError - stack:
  (anonymous function) (http://www.googletagmanager.com/gtm.js?id=GTM-P3S4LK:66)
  (anonymous function) (http://www.googletagmanager.com/gtm.js?id=GTM-P3S4LK:74)
[ERROR - 2016-05-31T15:07:57.883Z] Session [288c2710-2741-11e6-8931-61dd76c969a4] - page.onError - msg: TypeError: 'undefined' is not an object (evaluating 'version[1].split')
[ERROR - 2016-05-31T15:07:57.884Z] Session [288c2710-2741-11e6-8931-61dd76c969a4] - page.onError - stack:
  classSafari (http://www.dia.es/compra-online/_ui/desktop/theme-dia/js/main.js:365)
  (anonymous function) (http://www.dia.es/compra-online/_ui/desktop/theme-dia/js/main.js:27)
  (anonymous function) (http://www.dia.es/compra-online/_ui/desktop/common/js/jquery-1.7.2.min.js:2)
  (anonymous function) (http://www.dia.es/compra-online/_ui/desktop/common/js/jquery-1.7.2.min.js:2)
  (anonymous function) (http://www.dia.es/compra-online/_ui/desktop/common/js/jquery-1.7.2.min.js:2)
  (anonymous function) (http://www.dia.es/compra-online/_ui/desktop/common/js/jquery-1.7.2.min.js:2)
[ERROR - 2016-05-31T15:07:57.884Z] Session [288c2710-2741-11e6-8931-61dd76c969a4] - page.onError - msg: [object Object]
[ERROR - 2016-05-31T15:07:57.885Z] Session [288c2710-2741-11e6-8931-61dd76c969a4] - page.onError - stack:
  (anonymous function) (http://www.googletagmanager.com/gtm.js?id=GTM-P3S4LK:66)
  (anonymous function) (http://www.googletagmanager.com/gtm.js?id=GTM-P3S4LK:74)
[ERROR - 2016-05-31T15:07:58.119Z] Session [288c2710-2741-11e6-8931-61dd76c969a4] - page.onError - msg: [object Object]
[ERROR - 2016-05-31T15:07:58.123Z] Session [288c2710-2741-11e6-8931-61dd76c969a4] - page.onError - stack:
  (anonymous function) (http://www.googletagmanager.com/gtm.js?id=GTM-P3S4LK:66)
  (anonymous function) (http://www.googletagmanager.com/gtm.js?id=GTM-P3S4LK:73)
[ERROR - 2016-05-31T15:07:58.124Z] Session [288c2710-2741-11e6-8931-61dd76c969a4] - page.onError - msg: [object Object]
[ERROR - 2016-05-31T15:07:58.124Z] Session [288c2710-2741-11e6-8931-61dd76c969a4] - page.onError - stack:
  (anonymous function) (http://www.googletagmanager.com/gtm.js?id=GTM-P3S4LK:66)
  (anonymous function) (http://www.googletagmanager.com/gtm.js?id=GTM-P3S4LK:74)
[ERROR - 2016-05-31T15:08:01.192Z] Session [288c2710-2741-11e6-8931-61dd76c969a4] - page.onError - msg: TypeError: 'undefined' is not an object (evaluating 'version[1].split')
[ERROR - 2016-05-31T15:08:01.193Z] Session [288c2710-2741-11e6-8931-61dd76c969a4] - page.onError - stack:
  classSafari (http://www.dia.es/compra-online/_ui/desktop/theme-dia/js/main.js:365)
  (anonymous function) (http://www.dia.es/compra-online/_ui/desktop/theme-dia/js/main.js:27)
  (anonymous function) (http://www.dia.es/compra-online/_ui/desktop/common/js/jquery-1.7.2.min.js:2)
  (anonymous function) (http://www.dia.es/compra-online/_ui/desktop/common/js/jquery-1.7.2.min.js:2)
  (anonymous function) (http://www.dia.es/compra-online/_ui/desktop/common/js/jquery-1.7.2.min.js:2)
  (anonymous function) (http://www.dia.es/compra-online/_ui/desktop/common/js/jquery-1.7.2.min.js:2)
[ERROR - 2016-05-31T15:08:01.194Z] Session [288c2710-2741-11e6-8931-61dd76c969a4] - page.onError - msg: [object Object]
[ERROR - 2016-05-31T15:08:01.194Z] Session [288c2710-2741-11e6-8931-61dd76c969a4] - page.onError - stack:
  (anonymous function) (http://www.googletagmanager.com/gtm.js?id=GTM-P3S4LK:66)
  (anonymous function) (http://www.googletagmanager.com/gtm.js?id=GTM-P3S4LK:74)
[ERROR - 2016-05-31T15:08:01.470Z] Session [288c2710-2741-11e6-8931-61dd76c969a4] - page.onError - msg: [object Object]
[ERROR - 2016-05-31T15:08:01.470Z] Session [288c2710-2741-11e6-8931-61dd76c969a4] - page.onError - stack:
  (anonymous function) (http://www.googletagmanager.com/gtm.js?id=GTM-P3S4LK:66)
  (anonymous function) (http://www.googletagmanager.com/gtm.js?id=GTM-P3S4LK:73)
[ERROR - 2016-05-31T15:08:01.470Z] Session [288c2710-2741-11e6-8931-61dd76c969a4] - page.onError - msg: [object Object]
[ERROR - 2016-05-31T15:08:01.471Z] Session [288c2710-2741-11e6-8931-61dd76c969a4] - page.onError - stack:
  (anonymous function) (http://www.googletagmanager.com/gtm.js?id=GTM-P3S4LK:66)
  (anonymous function) (http://www.googletagmanager.com/gtm.js?id=GTM-P3S4LK:74)
[ERROR - 2016-05-31T15:08:03.299Z] Session [288c2710-2741-11e6-8931-61dd76c969a4] - page.onError - msg: TypeError: 'undefined' is not an object (evaluating 'version[1].split')
[ERROR - 2016-05-31T15:08:03.300Z] Session [288c2710-2741-11e6-8931-61dd76c969a4] - page.onError - stack:
  classSafari (http://www.dia.es/compra-online/_ui/desktop/theme-dia/js/main.js:365)
  (anonymous function) (http://www.dia.es/compra-online/_ui/desktop/theme-dia/js/main.js:27)
  (anonymous function) (http://www.dia.es/compra-online/_ui/desktop/common/js/jquery-1.7.2.min.js:2)
  (anonymous function) (http://www.dia.es/compra-online/_ui/desktop/common/js/jquery-1.7.2.min.js:2)
  (anonymous function) (http://www.dia.es/compra-online/_ui/desktop/common/js/jquery-1.7.2.min.js:2)
  (anonymous function) (http://www.dia.es/compra-online/_ui/desktop/common/js/jquery-1.7.2.min.js:2)
[ERROR - 2016-05-31T15:08:03.301Z] Session [288c2710-2741-11e6-8931-61dd76c969a4] - page.onError - msg: [object Object]
[ERROR - 2016-05-31T15:08:03.302Z] Session [288c2710-2741-11e6-8931-61dd76c969a4] - page.onError - stack:
  (anonymous function) (http://www.googletagmanager.com/gtm.js?id=GTM-P3S4LK:66)
  (anonymous function) (http://www.googletagmanager.com/gtm.js?id=GTM-P3S4LK:74)
[ERROR - 2016-05-31T15:08:03.462Z] Session [288c2710-2741-11e6-8931-61dd76c969a4] - page.onError - msg: [object Object]
[ERROR - 2016-05-31T15:08:03.463Z] Session [288c2710-2741-11e6-8931-61dd76c969a4] - page.onError - stack:
  (anonymous function) (http://www.googletagmanager.com/gtm.js?id=GTM-P3S4LK:66)
  (anonymous function) (http://www.googletagmanager.com/gtm.js?id=GTM-P3S4LK:73)
[ERROR - 2016-05-31T15:08:03.463Z] Session [288c2710-2741-11e6-8931-61dd76c969a4] - page.onError - msg: [object Object]
[ERROR - 2016-05-31T15:08:03.463Z] Session [288c2710-2741-11e6-8931-61dd76c969a4] - page.onError - stack:
  (anonymous function) (http://www.googletagmanager.com/gtm.js?id=GTM-P3S4LK:66)
  (anonymous function) (http://www.googletagmanager.com/gtm.js?id=GTM-P3S4LK:74)
[ERROR - 2016-05-31T15:08:08.316Z] Session [288c2710-2741-11e6-8931-61dd76c969a4] - page.onError - msg: TypeError: 'undefined' is not an object (evaluating 'version[1].split')
[ERROR - 2016-05-31T15:08:08.317Z] Session [288c2710-2741-11e6-8931-61dd76c969a4] - page.onError - stack:
  classSafari (http://www.dia.es/compra-online/_ui/desktop/theme-dia/js/main.js:365)
  (anonymous function) (http://www.dia.es/compra-online/_ui/desktop/theme-dia/js/main.js:27)
  (anonymous function) (http://www.dia.es/compra-online/_ui/desktop/common/js/jquery-1.7.2.min.js:2)
  (anonymous function) (http://www.dia.es/compra-online/_ui/desktop/common/js/jquery-1.7.2.min.js:2)
  (anonymous function) (http://www.dia.es/compra-online/_ui/desktop/common/js/jquery-1.7.2.min.js:2)
  (anonymous function) (http://www.dia.es/compra-online/_ui/desktop/common/js/jquery-1.7.2.min.js:2)
[ERROR - 2016-05-31T15:08:08.317Z] Session [288c2710-2741-11e6-8931-61dd76c969a4] - page.onError - msg: [object Object]
[ERROR - 2016-05-31T15:08:08.317Z] Session [288c2710-2741-11e6-8931-61dd76c969a4] - page.onError - stack:
  (anonymous function) (http://www.googletagmanager.com/gtm.js?id=GTM-P3S4LK:66)
  (anonymous function) (http://www.googletagmanager.com/gtm.js?id=GTM-P3S4LK:74)
[ERROR - 2016-05-31T15:08:08.537Z] Session [288c2710-2741-11e6-8931-61dd76c969a4] - page.onError - msg: [object Object]
[ERROR - 2016-05-31T15:08:08.537Z] Session [288c2710-2741-11e6-8931-61dd76c969a4] - page.onError - stack:
  (anonymous function) (http://www.googletagmanager.com/gtm.js?id=GTM-P3S4LK:66)
  (anonymous function) (http://www.googletagmanager.com/gtm.js?id=GTM-P3S4LK:73)
[ERROR - 2016-05-31T15:08:08.537Z] Session [288c2710-2741-11e6-8931-61dd76c969a4] - page.onError - msg: [object Object]
[ERROR - 2016-05-31T15:08:08.537Z] Session [288c2710-2741-11e6-8931-61dd76c969a4] - page.onError - stack:
  (anonymous function) (http://www.googletagmanager.com/gtm.js?id=GTM-P3S4LK:66)
  (anonymous function) (http://www.googletagmanager.com/gtm.js?id=GTM-P3S4LK:74)
[ERROR - 2016-05-31T15:08:10.255Z] Session [288c2710-2741-11e6-8931-61dd76c969a4] - page.onError - msg: TypeError: 'undefined' is not an object (evaluating 'version[1].split')
[ERROR - 2016-05-31T15:08:10.255Z] Session [288c2710-2741-11e6-8931-61dd76c969a4] - page.onError - stack:
  classSafari (http://www.dia.es/compra-online/_ui/desktop/theme-dia/js/main.js:365)
  (anonymous function) (http://www.dia.es/compra-online/_ui/desktop/theme-dia/js/main.js:27)
  (anonymous function) (http://www.dia.es/compra-online/_ui/desktop/common/js/jquery-1.7.2.min.js:2)
  (anonymous function) (http://www.dia.es/compra-online/_ui/desktop/common/js/jquery-1.7.2.min.js:2)
  (anonymous function) (http://www.dia.es/compra-online/_ui/desktop/common/js/jquery-1.7.2.min.js:2)
  (anonymous function) (http://www.dia.es/compra-online/_ui/desktop/common/js/jquery-1.7.2.min.js:2)
[ERROR - 2016-05-31T15:08:10.256Z] Session [288c2710-2741-11e6-8931-61dd76c969a4] - page.onError - msg: [object Object]
[ERROR - 2016-05-31T15:08:10.257Z] Session [288c2710-2741-11e6-8931-61dd76c969a4] - page.onError - stack:
  (anonymous function) (http://www.googletagmanager.com/gtm.js?id=GTM-P3S4LK:66)
  (anonymous function) (http://www.googletagmanager.com/gtm.js?id=GTM-P3S4LK:74)
[ERROR - 2016-05-31T15:08:10.560Z] Session [288c2710-2741-11e6-8931-61dd76c969a4] - page.onError - msg: [object Object]
[ERROR - 2016-05-31T15:08:10.561Z] Session [288c2710-2741-11e6-8931-61dd76c969a4] - page.onError - stack:
  (anonymous function) (http://www.googletagmanager.com/gtm.js?id=GTM-P3S4LK:66)
  (anonymous function) (http://www.googletagmanager.com/gtm.js?id=GTM-P3S4LK:73)
[ERROR - 2016-05-31T15:08:10.561Z] Session [288c2710-2741-11e6-8931-61dd76c969a4] - page.onError - msg: [object Object]
[ERROR - 2016-05-31T15:08:10.561Z] Session [288c2710-2741-11e6-8931-61dd76c969a4] - page.onError - stack:
  (anonymous function) (http://www.googletagmanager.com/gtm.js?id=GTM-P3S4LK:66)
  (anonymous function) (http://www.googletagmanager.com/gtm.js?id=GTM-P3S4LK:74)
[ERROR - 2016-05-31T15:08:12.775Z] Session [288c2710-2741-11e6-8931-61dd76c969a4] - page.onError - msg: TypeError: 'undefined' is not an object (evaluating 'version[1].split')
[ERROR - 2016-05-31T15:08:12.779Z] Session [288c2710-2741-11e6-8931-61dd76c969a4] - page.onError - stack:
  classSafari (http://www.dia.es/compra-online/_ui/desktop/theme-dia/js/main.js:365)
  (anonymous function) (http://www.dia.es/compra-online/_ui/desktop/theme-dia/js/main.js:27)
  (anonymous function) (http://www.dia.es/compra-online/_ui/desktop/common/js/jquery-1.7.2.min.js:2)
  (anonymous function) (http://www.dia.es/compra-online/_ui/desktop/common/js/jquery-1.7.2.min.js:2)
  (anonymous function) (http://www.dia.es/compra-online/_ui/desktop/common/js/jquery-1.7.2.min.js:2)
  (anonymous function) (http://www.dia.es/compra-online/_ui/desktop/common/js/jquery-1.7.2.min.js:2)
[ERROR - 2016-05-31T15:08:12.779Z] Session [288c2710-2741-11e6-8931-61dd76c969a4] - page.onError - msg: [object Object]
[ERROR - 2016-05-31T15:08:12.779Z] Session [288c2710-2741-11e6-8931-61dd76c969a4] - page.onError - stack:
  (anonymous function) (http://www.googletagmanager.com/gtm.js?id=GTM-P3S4LK:66)
  (anonymous function) (http://www.googletagmanager.com/gtm.js?id=GTM-P3S4LK:74)
[ERROR - 2016-05-31T15:08:12.946Z] Session [288c2710-2741-11e6-8931-61dd76c969a4] - page.onError - msg: [object Object]
[ERROR - 2016-05-31T15:08:12.946Z] Session [288c2710-2741-11e6-8931-61dd76c969a4] - page.onError - stack:
  (anonymous function) (http://www.googletagmanager.com/gtm.js?id=GTM-P3S4LK:66)
  (anonymous function) (http://www.googletagmanager.com/gtm.js?id=GTM-P3S4LK:73)
[ERROR - 2016-05-31T15:08:12.946Z] Session [288c2710-2741-11e6-8931-61dd76c969a4] - page.onError - msg: [object Object]
[ERROR - 2016-05-31T15:08:12.946Z] Session [288c2710-2741-11e6-8931-61dd76c969a4] - page.onError - stack:
  (anonymous function) (http://www.googletagmanager.com/gtm.js?id=GTM-P3S4LK:66)
  (anonymous function) (http://www.googletagmanager.com/gtm.js?id=GTM-P3S4LK:74)
[ERROR - 2016-05-31T15:08:17.001Z] Session [288c2710-2741-11e6-8931-61dd76c969a4] - page.onError - msg: TypeError: 'undefined' is not an object (evaluating 'version[1].split')
[ERROR - 2016-05-31T15:08:17.003Z] Session [288c2710-2741-11e6-8931-61dd76c969a4] - page.onError - stack:
  classSafari (http://www.dia.es/compra-online/_ui/desktop/theme-dia/js/main.js:365)
  (anonymous function) (http://www.dia.es/compra-online/_ui/desktop/theme-dia/js/main.js:27)
  (anonymous function) (http://www.dia.es/compra-online/_ui/desktop/common/js/jquery-1.7.2.min.js:2)
  (anonymous function) (http://www.dia.es/compra-online/_ui/desktop/common/js/jquery-1.7.2.min.js:2)
  (anonymous function) (http://www.dia.es/compra-online/_ui/desktop/common/js/jquery-1.7.2.min.js:2)
  (anonymous function) (http://www.dia.es/compra-online/_ui/desktop/common/js/jquery-1.7.2.min.js:2)
[ERROR - 2016-05-31T15:08:17.004Z] Session [288c2710-2741-11e6-8931-61dd76c969a4] - page.onError - msg: [object Object]
[ERROR - 2016-05-31T15:08:17.005Z] Session [288c2710-2741-11e6-8931-61dd76c969a4] - page.onError - stack:
  (anonymous function) (http://www.googletagmanager.com/gtm.js?id=GTM-P3S4LK:66)
  (anonymous function) (http://www.googletagmanager.com/gtm.js?id=GTM-P3S4LK:74)
[ERROR - 2016-05-31T15:08:17.232Z] Session [288c2710-2741-11e6-8931-61dd76c969a4] - page.onError - msg: [object Object]
[ERROR - 2016-05-31T15:08:17.239Z] Session [288c2710-2741-11e6-8931-61dd76c969a4] - page.onError - stack:
  (anonymous function) (http://www.googletagmanager.com/gtm.js?id=GTM-P3S4LK:66)
  (anonymous function) (http://www.googletagmanager.com/gtm.js?id=GTM-P3S4LK:73)
[ERROR - 2016-05-31T15:08:17.239Z] Session [288c2710-2741-11e6-8931-61dd76c969a4] - page.onError - msg: [object Object]
[ERROR - 2016-05-31T15:08:17.240Z] Session [288c2710-2741-11e6-8931-61dd76c969a4] - page.onError - stack:
  (anonymous function) (http://www.googletagmanager.com/gtm.js?id=GTM-P3S4LK:66)
  (anonymous function) (http://www.googletagmanager.com/gtm.js?id=GTM-P3S4LK:74)
[ERROR - 2016-05-31T15:08:19.008Z] Session [288c2710-2741-11e6-8931-61dd76c969a4] - page.onError - msg: TypeError: 'undefined' is not an object (evaluating 'version[1].split')
[ERROR - 2016-05-31T15:08:19.009Z] Session [288c2710-2741-11e6-8931-61dd76c969a4] - page.onError - stack:
  classSafari (http://www.dia.es/compra-online/_ui/desktop/theme-dia/js/main.js:365)
  (anonymous function) (http://www.dia.es/compra-online/_ui/desktop/theme-dia/js/main.js:27)
  (anonymous function) (http://www.dia.es/compra-online/_ui/desktop/common/js/jquery-1.7.2.min.js:2)
  (anonymous function) (http://www.dia.es/compra-online/_ui/desktop/common/js/jquery-1.7.2.min.js:2)
  (anonymous function) (http://www.dia.es/compra-online/_ui/desktop/common/js/jquery-1.7.2.min.js:2)
  (anonymous function) (http://www.dia.es/compra-online/_ui/desktop/common/js/jquery-1.7.2.min.js:2)
[ERROR - 2016-05-31T15:08:19.010Z] Session [288c2710-2741-11e6-8931-61dd76c969a4] - page.onError - msg: [object Object]
[ERROR - 2016-05-31T15:08:19.010Z] Session [288c2710-2741-11e6-8931-61dd76c969a4] - page.onError - stack:
  (anonymous function) (http://www.googletagmanager.com/gtm.js?id=GTM-P3S4LK:66)
  (anonymous function) (http://www.googletagmanager.com/gtm.js?id=GTM-P3S4LK:74)
[ERROR - 2016-05-31T15:08:19.092Z] Session [288c2710-2741-11e6-8931-61dd76c969a4] - page.onError - msg: [object Object]
[ERROR - 2016-05-31T15:08:19.093Z] Session [288c2710-2741-11e6-8931-61dd76c969a4] - page.onError - stack:
  (anonymous function) (http://www.googletagmanager.com/gtm.js?id=GTM-P3S4LK:66)
  (anonymous function) (http://www.googletagmanager.com/gtm.js?id=GTM-P3S4LK:73)
[ERROR - 2016-05-31T15:08:19.093Z] Session [288c2710-2741-11e6-8931-61dd76c969a4] - page.onError - msg: [object Object]
[ERROR - 2016-05-31T15:08:19.094Z] Session [288c2710-2741-11e6-8931-61dd76c969a4] - page.onError - stack:
  (anonymous function) (http://www.googletagmanager.com/gtm.js?id=GTM-P3S4LK:66)
  (anonymous function) (http://www.googletagmanager.com/gtm.js?id=GTM-P3S4LK:74)
[ERROR - 2016-05-31T15:08:20.855Z] Session [288c2710-2741-11e6-8931-61dd76c969a4] - page.onError - msg: TypeError: 'undefined' is not an object (evaluating 'version[1].split')
[ERROR - 2016-05-31T15:08:20.856Z] Session [288c2710-2741-11e6-8931-61dd76c969a4] - page.onError - stack:
  classSafari (http://www.dia.es/compra-online/_ui/desktop/theme-dia/js/main.js:365)
  (anonymous function) (http://www.dia.es/compra-online/_ui/desktop/theme-dia/js/main.js:27)
  (anonymous function) (http://www.dia.es/compra-online/_ui/desktop/common/js/jquery-1.7.2.min.js:2)
  (anonymous function) (http://www.dia.es/compra-online/_ui/desktop/common/js/jquery-1.7.2.min.js:2)
  (anonymous function) (http://www.dia.es/compra-online/_ui/desktop/common/js/jquery-1.7.2.min.js:2)
  (anonymous function) (http://www.dia.es/compra-online/_ui/desktop/common/js/jquery-1.7.2.min.js:2)
[ERROR - 2016-05-31T15:08:20.857Z] Session [288c2710-2741-11e6-8931-61dd76c969a4] - page.onError - msg: [object Object]
[ERROR - 2016-05-31T15:08:20.857Z] Session [288c2710-2741-11e6-8931-61dd76c969a4] - page.onError - stack:
  (anonymous function) (http://www.googletagmanager.com/gtm.js?id=GTM-P3S4LK:66)
  (anonymous function) (http://www.googletagmanager.com/gtm.js?id=GTM-P3S4LK:74)
[ERROR - 2016-05-31T15:08:21.015Z] Session [288c2710-2741-11e6-8931-61dd76c969a4] - page.onError - msg: [object Object]
[ERROR - 2016-05-31T15:08:21.015Z] Session [288c2710-2741-11e6-8931-61dd76c969a4] - page.onError - stack:
  (anonymous function) (http://www.googletagmanager.com/gtm.js?id=GTM-P3S4LK:66)
  (anonymous function) (http://www.googletagmanager.com/gtm.js?id=GTM-P3S4LK:73)
[ERROR - 2016-05-31T15:08:21.015Z] Session [288c2710-2741-11e6-8931-61dd76c969a4] - page.onError - msg: [object Object]
[ERROR - 2016-05-31T15:08:21.015Z] Session [288c2710-2741-11e6-8931-61dd76c969a4] - page.onError - stack:
  (anonymous function) (http://www.googletagmanager.com/gtm.js?id=GTM-P3S4LK:66)
  (anonymous function) (http://www.googletagmanager.com/gtm.js?id=GTM-P3S4LK:74)
[ERROR - 2016-05-31T15:08:25.262Z] Session [288c2710-2741-11e6-8931-61dd76c969a4] - page.onError - msg: TypeError: 'undefined' is not an object (evaluating 'version[1].split')
[ERROR - 2016-05-31T15:08:25.262Z] Session [288c2710-2741-11e6-8931-61dd76c969a4] - page.onError - stack:
  classSafari (http://www.dia.es/compra-online/_ui/desktop/theme-dia/js/main.js:365)
  (anonymous function) (http://www.dia.es/compra-online/_ui/desktop/theme-dia/js/main.js:27)
  (anonymous function) (http://www.dia.es/compra-online/_ui/desktop/common/js/jquery-1.7.2.min.js:2)
  (anonymous function) (http://www.dia.es/compra-online/_ui/desktop/common/js/jquery-1.7.2.min.js:2)
  (anonymous function) (http://www.dia.es/compra-online/_ui/desktop/common/js/jquery-1.7.2.min.js:2)
  (anonymous function) (http://www.dia.es/compra-online/_ui/desktop/common/js/jquery-1.7.2.min.js:2)
[ERROR - 2016-05-31T15:08:25.263Z] Session [288c2710-2741-11e6-8931-61dd76c969a4] - page.onError - msg: [object Object]
[ERROR - 2016-05-31T15:08:25.264Z] Session [288c2710-2741-11e6-8931-61dd76c969a4] - page.onError - stack:
  (anonymous function) (http://www.googletagmanager.com/gtm.js?id=GTM-P3S4LK:66)
  (anonymous function) (http://www.googletagmanager.com/gtm.js?id=GTM-P3S4LK:74)
[ERROR - 2016-05-31T15:08:25.475Z] Session [288c2710-2741-11e6-8931-61dd76c969a4] - page.onError - msg: [object Object]
[ERROR - 2016-05-31T15:08:25.475Z] Session [288c2710-2741-11e6-8931-61dd76c969a4] - page.onError - stack:
  (anonymous function) (http://www.googletagmanager.com/gtm.js?id=GTM-P3S4LK:66)
  (anonymous function) (http://www.googletagmanager.com/gtm.js?id=GTM-P3S4LK:73)
[ERROR - 2016-05-31T15:08:25.475Z] Session [288c2710-2741-11e6-8931-61dd76c969a4] - page.onError - msg: [object Object]
[ERROR - 2016-05-31T15:08:25.475Z] Session [288c2710-2741-11e6-8931-61dd76c969a4] - page.onError - stack:
  (anonymous function) (http://www.googletagmanager.com/gtm.js?id=GTM-P3S4LK:66)
  (anonymous function) (http://www.googletagmanager.com/gtm.js?id=GTM-P3S4LK:74)
[ERROR - 2016-05-31T15:08:26.714Z] Session [288c2710-2741-11e6-8931-61dd76c969a4] - page.onError - msg: TypeError: 'undefined' is not an object (evaluating 'version[1].split')
[ERROR - 2016-05-31T15:08:26.714Z] Session [288c2710-2741-11e6-8931-61dd76c969a4] - page.onError - stack:
  classSafari (http://www.dia.es/compra-online/_ui/desktop/theme-dia/js/main.js:365)
  (anonymous function) (http://www.dia.es/compra-online/_ui/desktop/theme-dia/js/main.js:27)
  (anonymous function) (http://www.dia.es/compra-online/_ui/desktop/common/js/jquery-1.7.2.min.js:2)
  (anonymous function) (http://www.dia.es/compra-online/_ui/desktop/common/js/jquery-1.7.2.min.js:2)
  (anonymous function) (http://www.dia.es/compra-online/_ui/desktop/common/js/jquery-1.7.2.min.js:2)
  (anonymous function) (http://www.dia.es/compra-online/_ui/desktop/common/js/jquery-1.7.2.min.js:2)
[ERROR - 2016-05-31T15:08:26.715Z] Session [288c2710-2741-11e6-8931-61dd76c969a4] - page.onError - msg: [object Object]
[ERROR - 2016-05-31T15:08:26.715Z] Session [288c2710-2741-11e6-8931-61dd76c969a4] - page.onError - stack:
  (anonymous function) (http://www.googletagmanager.com/gtm.js?id=GTM-P3S4LK:66)
  (anonymous function) (http://www.googletagmanager.com/gtm.js?id=GTM-P3S4LK:74)
[ERROR - 2016-05-31T15:08:26.988Z] Session [288c2710-2741-11e6-8931-61dd76c969a4] - page.onError - msg: [object Object]
[ERROR - 2016-05-31T15:08:26.989Z] Session [288c2710-2741-11e6-8931-61dd76c969a4] - page.onError - stack:
  (anonymous function) (http://www.googletagmanager.com/gtm.js?id=GTM-P3S4LK:66)
  (anonymous function) (http://www.googletagmanager.com/gtm.js?id=GTM-P3S4LK:73)
[ERROR - 2016-05-31T15:08:26.989Z] Session [288c2710-2741-11e6-8931-61dd76c969a4] - page.onError - msg: [object Object]
[ERROR - 2016-05-31T15:08:26.990Z] Session [288c2710-2741-11e6-8931-61dd76c969a4] - page.onError - stack:
  (anonymous function) (http://www.googletagmanager.com/gtm.js?id=GTM-P3S4LK:66)
  (anonymous function) (http://www.googletagmanager.com/gtm.js?id=GTM-P3S4LK:74)
